{"numFailedTestSuites":0,"numFailedTests":0,"numPassedTestSuites":1,"numPassedTests":2,"numPendingTestSuites":0,"numPendingTests":0,"numRuntimeErrorTestSuites":0,"numTodoTests":0,"numTotalTestSuites":1,"numTotalTests":2,"openHandles":[],"snapshot":{"added":0,"didUpdate":false,"failure":false,"filesAdded":0,"filesRemoved":0,"filesRemovedList":[],"filesUnmatched":0,"filesUpdated":0,"matched":0,"total":0,"unchecked":0,"uncheckedKeysByFile":[],"unmatched":0,"updated":0},"startTime":1749043939357,"success":true,"testResults":[{"assertionResults":[{"ancestorTitles":["multiplayerSync module"],"duration":17,"failureDetails":[],"failureMessages":[],"fullName":"multiplayerSync module should broadcast updated player state correctly","invocations":1,"location":null,"numPassingAsserts":1,"retryReasons":[],"status":"passed","title":"should broadcast updated player state correctly"},{"ancestorTitles":["multiplayerSync module"],"duration":3,"failureDetails":[],"failureMessages":[],"fullName":"multiplayerSync module should broadcast sync for all player states correctly","invocations":1,"location":null,"numPassingAsserts":1,"retryReasons":[],"status":"passed","title":"should broadcast sync for all player states correctly"}],"endTime":1749043939961,"message":"","name":"C:\\Users\\aggis\\GitHub\\runerogue\\src\\test\\multiplayerSync.test.ts","startTime":1749043939592,"status":"passed","summary":""}],"wasInterrupted":false}
