{"C:\\Users\\aggis\\GitHub\\runerogue\\src\\config.ts": {"path":"C:\\Users\\aggis\\GitHub\\runerogue\\src\\config.ts","statementMap":{"0":{"start":{"line":10,"column":0},"end":{"line":10,"column":28}},"1":{"start":{"line":11,"column":0},"end":{"line":11,"column":16}},"2":{"start":{"line":14,"column":16},"end":{"line":14,"column":53}},"3":{"start":{"line":15,"column":22},"end":{"line":15,"column":47}},"4":{"start":{"line":16,"column":21},"end":{"line":16,"column":45}},"5":{"start":{"line":17,"column":15},"end":{"line":17,"column":33}},"6":{"start":{"line":20,"column":13},"end":{"line":71,"column":2}},"7":{"start":{"line":74,"column":0},"end":{"line":74,"column":22}}},"fnMap":{},"branchMap":{"0":{"loc":{"start":{"line":14,"column":16},"end":{"line":14,"column":53}},"type":"binary-expr","locations":[{"start":{"line":14,"column":16},"end":{"line":14,"column":36}},{"start":{"line":14,"column":40},"end":{"line":14,"column":53}}]},"1":{"loc":{"start":{"line":23,"column":19},"end":{"line":23,"column":45}},"type":"binary-expr","locations":[{"start":{"line":23,"column":19},"end":{"line":23,"column":35}},{"start":{"line":23,"column":39},"end":{"line":23,"column":45}}]},"2":{"loc":{"start":{"line":24,"column":10},"end":{"line":24,"column":39}},"type":"binary-expr","locations":[{"start":{"line":24,"column":10},"end":{"line":24,"column":26}},{"start":{"line":24,"column":30},"end":{"line":24,"column":39}}]},"3":{"loc":{"start":{"line":29,"column":17},"end":{"line":29,"column":62}},"type":"binary-expr","locations":[{"start":{"line":29,"column":17},"end":{"line":29,"column":53}},{"start":{"line":29,"column":57},"end":{"line":29,"column":62}}]},"4":{"loc":{"start":{"line":29,"column":17},"end":{"line":29,"column":53}},"type":"cond-expr","locations":[{"start":{"line":29,"column":41},"end":{"line":29,"column":43}},{"start":{"line":29,"column":41},"end":{"line":29,"column":53}}]},"5":{"loc":{"start":{"line":29,"column":17},"end":{"line":29,"column":43}},"type":"binary-expr","locations":[{"start":{"line":29,"column":17},"end":{"line":29,"column":43}},{"start":{"line":29,"column":41},"end":{"line":29,"column":43}}]},"6":{"loc":{"start":{"line":34,"column":10},"end":{"line":34,"column":44}},"type":"binary-expr","locations":[{"start":{"line":34,"column":10},"end":{"line":34,"column":29}},{"start":{"line":34,"column":33},"end":{"line":34,"column":44}}]},"7":{"loc":{"start":{"line":35,"column":19},"end":{"line":35,"column":48}},"type":"binary-expr","locations":[{"start":{"line":35,"column":19},"end":{"line":35,"column":38}},{"start":{"line":35,"column":42},"end":{"line":35,"column":48}}]},"8":{"loc":{"start":{"line":36,"column":14},"end":{"line":36,"column":52}},"type":"binary-expr","locations":[{"start":{"line":36,"column":14},"end":{"line":36,"column":37}},{"start":{"line":36,"column":41},"end":{"line":36,"column":52}}]},"9":{"loc":{"start":{"line":37,"column":14},"end":{"line":37,"column":51}},"type":"binary-expr","locations":[{"start":{"line":37,"column":14},"end":{"line":37,"column":37}},{"start":{"line":37,"column":41},"end":{"line":37,"column":51}}]},"10":{"loc":{"start":{"line":38,"column":14},"end":{"line":38,"column":52}},"type":"binary-expr","locations":[{"start":{"line":38,"column":14},"end":{"line":38,"column":37}},{"start":{"line":38,"column":41},"end":{"line":38,"column":52}}]},"11":{"loc":{"start":{"line":45,"column":13},"end":{"line":45,"column":67}},"type":"binary-expr","locations":[{"start":{"line":45,"column":13},"end":{"line":45,"column":40}},{"start":{"line":45,"column":44},"end":{"line":45,"column":67}}]},"12":{"loc":{"start":{"line":46,"column":22},"end":{"line":46,"column":64}},"type":"binary-expr","locations":[{"start":{"line":46,"column":22},"end":{"line":46,"column":53}},{"start":{"line":46,"column":57},"end":{"line":46,"column":64}}]},"13":{"loc":{"start":{"line":48,"column":28},"end":{"line":48,"column":73}},"type":"binary-expr","locations":[{"start":{"line":48,"column":28},"end":{"line":48,"column":66}},{"start":{"line":48,"column":70},"end":{"line":48,"column":73}}]},"14":{"loc":{"start":{"line":49,"column":25},"end":{"line":49,"column":70}},"type":"binary-expr","locations":[{"start":{"line":49,"column":25},"end":{"line":49,"column":60}},{"start":{"line":49,"column":64},"end":{"line":49,"column":70}}]},"15":{"loc":{"start":{"line":54,"column":10},"end":{"line":54,"column":47}},"type":"binary-expr","locations":[{"start":{"line":54,"column":10},"end":{"line":54,"column":32}},{"start":{"line":54,"column":36},"end":{"line":54,"column":47}}]},"16":{"loc":{"start":{"line":55,"column":19},"end":{"line":55,"column":51}},"type":"binary-expr","locations":[{"start":{"line":55,"column":19},"end":{"line":55,"column":41}},{"start":{"line":55,"column":45},"end":{"line":55,"column":51}}]},"17":{"loc":{"start":{"line":62,"column":15},"end":{"line":62,"column":86}},"type":"binary-expr","locations":[{"start":{"line":62,"column":15},"end":{"line":62,"column":37}},{"start":{"line":62,"column":41},"end":{"line":62,"column":86}}]},"18":{"loc":{"start":{"line":63,"column":18},"end":{"line":63,"column":52}},"type":"binary-expr","locations":[{"start":{"line":63,"column":18},"end":{"line":63,"column":44}},{"start":{"line":63,"column":48},"end":{"line":63,"column":52}}]},"19":{"loc":{"start":{"line":68,"column":11},"end":{"line":68,"column":70}},"type":"binary-expr","locations":[{"start":{"line":68,"column":11},"end":{"line":68,"column":32}},{"start":{"line":68,"column":37},"end":{"line":68,"column":69}}]},"20":{"loc":{"start":{"line":68,"column":37},"end":{"line":68,"column":69}},"type":"cond-expr","locations":[{"start":{"line":68,"column":53},"end":{"line":68,"column":60}},{"start":{"line":68,"column":63},"end":{"line":68,"column":69}}]}},"s":{"0":0,"1":0,"2":0,"3":0,"4":0,"5":0,"6":0,"7":0},"f":{},"b":{"0":[0,0],"1":[0,0],"2":[0,0],"3":[0,0],"4":[0,0],"5":[0,0],"6":[0,0],"7":[0,0],"8":[0,0],"9":[0,0],"10":[0,0],"11":[0,0],"12":[0,0],"13":[0,0],"14":[0,0],"15":[0,0],"16":[0,0],"17":[0,0],"18":[0,0],"19":[0,0],"20":[0,0]}}
,"C:\\Users\\aggis\\GitHub\\runerogue\\src\\server\\app.config.ts": {"path":"C:\\Users\\aggis\\GitHub\\runerogue\\src\\server\\app.config.ts","statementMap":{"0":{"start":{"line":1,"column":0},"end":{"line":1,"column":43}},"1":{"start":{"line":4,"column":30},"end":{"line":8,"column":2}},"2":{"start":{"line":6,"column":4},"end":{"line":6,"column":40}},"3":{"start":{"line":10,"column":0},"end":{"line":10,"column":22}}},"fnMap":{"0":{"name":"(anonymous_0)","decl":{"start":{"line":5,"column":24},"end":{"line":5,"column":25}},"loc":{"start":{"line":5,"column":39},"end":{"line":7,"column":3}}}},"branchMap":{},"s":{"0":1,"1":1,"2":8,"3":1},"f":{"0":8},"b":{}}
,"C:\\Users\\aggis\\GitHub\\runerogue\\src\\server\\economy-integration.ts": {"path":"C:\\Users\\aggis\\GitHub\\runerogue\\src\\server\\economy-integration.ts","statementMap":{"0":{"start":{"line":13,"column":0},"end":{"line":13,"column":36}},"1":{"start":{"line":14,"column":0},"end":{"line":14,"column":null}},"2":{"start":{"line":22,"column":0},"end":{"line":22,"column":41}},"3":{"start":{"line":23,"column":0},"end":{"line":23,"column":35}},"4":{"start":{"line":26,"column":26},"end":{"line":31,"column":2}},"5":{"start":{"line":40,"column":10},"end":{"line":40,"column":33}},"6":{"start":{"line":44,"column":4},"end":{"line":44,"column":84}},"7":{"start":{"line":47,"column":4},"end":{"line":50,"column":7}},"8":{"start":{"line":53,"column":4},"end":{"line":53,"column":27}},"9":{"start":{"line":60,"column":4},"end":{"line":75,"column":5}},"10":{"start":{"line":61,"column":24},"end":{"line":61,"column":41}},"11":{"start":{"line":62,"column":21},"end":{"line":62,"column":52}},"12":{"start":{"line":63,"column":22},"end":{"line":63,"column":39}},"13":{"start":{"line":65,"column":6},"end":{"line":71,"column":7}},"14":{"start":{"line":66,"column":8},"end":{"line":66,"column":26}},"15":{"start":{"line":67,"column":8},"end":{"line":67,"column":86}},"16":{"start":{"line":69,"column":8},"end":{"line":69,"column":27}},"17":{"start":{"line":70,"column":8},"end":{"line":70,"column":73}},"18":{"start":{"line":73,"column":6},"end":{"line":73,"column":25}},"19":{"start":{"line":74,"column":6},"end":{"line":74,"column":60}},"20":{"start":{"line":82,"column":4},"end":{"line":84,"column":5}},"21":{"start":{"line":83,"column":6},"end":{"line":83,"column":35}},"22":{"start":{"line":85,"column":4},"end":{"line":85,"column":22}},"23":{"start":{"line":92,"column":21},"end":{"line":92,"column":41}},"24":{"start":{"line":93,"column":25},"end":{"line":93,"column":64}},"25":{"start":{"line":95,"column":4},"end":{"line":97,"column":5}},"26":{"start":{"line":96,"column":6},"end":{"line":96,"column":26}},"27":{"start":{"line":99,"column":4},"end":{"line":121,"column":5}},"28":{"start":{"line":101,"column":22},"end":{"line":101,"column":74}},"29":{"start":{"line":103,"column":6},"end":{"line":107,"column":7}},"30":{"start":{"line":104,"column":23},"end":{"line":104,"column":33}},"31":{"start":{"line":105,"column":8},"end":{"line":105,"column":67}},"32":{"start":{"line":106,"column":8},"end":{"line":106,"column":22}},"33":{"start":{"line":110,"column":24},"end":{"line":114,"column":8}},"34":{"start":{"line":116,"column":6},"end":{"line":116,"column":68}},"35":{"start":{"line":117,"column":6},"end":{"line":117,"column":23}},"36":{"start":{"line":119,"column":6},"end":{"line":119,"column":82}},"37":{"start":{"line":120,"column":6},"end":{"line":120,"column":87}},"38":{"start":{"line":128,"column":21},"end":{"line":128,"column":44}},"39":{"start":{"line":129,"column":28},"end":{"line":129,"column":76}},"40":{"start":{"line":131,"column":4},"end":{"line":133,"column":5}},"41":{"start":{"line":132,"column":6},"end":{"line":132,"column":29}},"42":{"start":{"line":135,"column":4},"end":{"line":142,"column":5}},"43":{"start":{"line":136,"column":24},"end":{"line":136,"column":70}},"44":{"start":{"line":137,"column":6},"end":{"line":137,"column":71}},"45":{"start":{"line":138,"column":6},"end":{"line":138,"column":23}},"46":{"start":{"line":140,"column":6},"end":{"line":140,"column":77}},"47":{"start":{"line":141,"column":6},"end":{"line":141,"column":84}},"48":{"start":{"line":153,"column":4},"end":{"line":167,"column":5}},"49":{"start":{"line":154,"column":21},"end":{"line":158,"column":8}},"50":{"start":{"line":161,"column":6},"end":{"line":161,"column":46}},"51":{"start":{"line":163,"column":6},"end":{"line":163,"column":20}},"52":{"start":{"line":165,"column":6},"end":{"line":165,"column":91}},"53":{"start":{"line":166,"column":6},"end":{"line":166,"column":80}},"54":{"start":{"line":174,"column":21},"end":{"line":174,"column":37}},"55":{"start":{"line":175,"column":23},"end":{"line":175,"column":60}},"56":{"start":{"line":177,"column":4},"end":{"line":179,"column":5}},"57":{"start":{"line":178,"column":6},"end":{"line":178,"column":24}},"58":{"start":{"line":181,"column":4},"end":{"line":188,"column":5}},"59":{"start":{"line":182,"column":19},"end":{"line":182,"column":52}},"60":{"start":{"line":183,"column":6},"end":{"line":183,"column":62}},"61":{"start":{"line":184,"column":6},"end":{"line":184,"column":18}},"62":{"start":{"line":186,"column":6},"end":{"line":186,"column":59}},"63":{"start":{"line":187,"column":6},"end":{"line":187,"column":80}},"64":{"start":{"line":203,"column":21},"end":{"line":203,"column":55}},"65":{"start":{"line":204,"column":24},"end":{"line":204,"column":63}},"66":{"start":{"line":206,"column":4},"end":{"line":208,"column":5}},"67":{"start":{"line":207,"column":6},"end":{"line":207,"column":25}},"68":{"start":{"line":210,"column":4},"end":{"line":217,"column":5}},"69":{"start":{"line":211,"column":20},"end":{"line":211,"column":55}},"70":{"start":{"line":212,"column":6},"end":{"line":212,"column":63}},"71":{"start":{"line":213,"column":6},"end":{"line":213,"column":19}},"72":{"start":{"line":215,"column":6},"end":{"line":215,"column":50}},"73":{"start":{"line":216,"column":6},"end":{"line":216,"column":73}},"74":{"start":{"line":233,"column":4},"end":{"line":247,"column":5}},"75":{"start":{"line":234,"column":20},"end":{"line":238,"column":8}},"76":{"start":{"line":240,"column":6},"end":{"line":240,"column":19}},"77":{"start":{"line":242,"column":6},"end":{"line":245,"column":8}},"78":{"start":{"line":246,"column":6},"end":{"line":246,"column":71}},"79":{"start":{"line":254,"column":4},"end":{"line":267,"column":5}},"80":{"start":{"line":255,"column":27},"end":{"line":255,"column":75}},"81":{"start":{"line":257,"column":6},"end":{"line":263,"column":7}},"82":{"start":{"line":258,"column":8},"end":{"line":258,"column":37}},"83":{"start":{"line":261,"column":21},"end":{"line":261,"column":47}},"84":{"start":{"line":262,"column":8},"end":{"line":262,"column":31}},"85":{"start":{"line":265,"column":6},"end":{"line":265,"column":84}},"86":{"start":{"line":266,"column":6},"end":{"line":266,"column":80}},"87":{"start":{"line":37,"column":0},"end":{"line":37,"column":13}},"88":{"start":{"line":274,"column":0},"end":{"line":274,"column":40}}},"fnMap":{"0":{"name":"(anonymous_10)","decl":{"start":{"line":42,"column":2},"end":{"line":42,"column":14}},"loc":{"start":{"line":42,"column":50},"end":{"line":54,"column":3}}},"1":{"name":"(anonymous_11)","decl":{"start":{"line":59,"column":10},"end":{"line":59,"column":15}},"loc":{"start":{"line":59,"column":31},"end":{"line":76,"column":3}}},"2":{"name":"(anonymous_12)","decl":{"start":{"line":81,"column":9},"end":{"line":81,"column":14}},"loc":{"start":{"line":81,"column":22},"end":{"line":86,"column":3}}},"3":{"name":"(anonymous_13)","decl":{"start":{"line":91,"column":9},"end":{"line":91,"column":14}},"loc":{"start":{"line":91,"column":71},"end":{"line":122,"column":3}}},"4":{"name":"(anonymous_14)","decl":{"start":{"line":127,"column":9},"end":{"line":127,"column":14}},"loc":{"start":{"line":127,"column":50},"end":{"line":143,"column":3}}},"5":{"name":"(anonymous_15)","decl":{"start":{"line":148,"column":9},"end":{"line":148,"column":14}},"loc":{"start":{"line":151,"column":24},"end":{"line":168,"column":3}}},"6":{"name":"(anonymous_16)","decl":{"start":{"line":173,"column":9},"end":{"line":173,"column":14}},"loc":{"start":{"line":173,"column":37},"end":{"line":189,"column":3}}},"7":{"name":"(anonymous_17)","decl":{"start":{"line":194,"column":9},"end":{"line":194,"column":14}},"loc":{"start":{"line":200,"column":10},"end":{"line":218,"column":3}}},"8":{"name":"(anonymous_18)","decl":{"start":{"line":223,"column":9},"end":{"line":223,"column":14}},"loc":{"start":{"line":231,"column":6},"end":{"line":248,"column":3}}},"9":{"name":"(anonymous_19)","decl":{"start":{"line":253,"column":9},"end":{"line":253,"column":14}},"loc":{"start":{"line":253,"column":51},"end":{"line":268,"column":3}}}},"branchMap":{"0":{"loc":{"start":{"line":44,"column":18},"end":{"line":44,"column":83}},"type":"cond-expr","locations":[{"start":{"line":44,"column":30},"end":{"line":44,"column":67}},{"start":{"line":44,"column":70},"end":{"line":44,"column":83}}]},"1":{"loc":{"start":{"line":65,"column":6},"end":{"line":71,"column":7}},"type":"if","locations":[{"start":{"line":65,"column":6},"end":{"line":71,"column":7}},{"start":{"line":68,"column":13},"end":{"line":71,"column":7}}]},"2":{"loc":{"start":{"line":82,"column":4},"end":{"line":84,"column":5}},"type":"if","locations":[{"start":{"line":82,"column":4},"end":{"line":84,"column":5}}]},"3":{"loc":{"start":{"line":95,"column":4},"end":{"line":97,"column":5}},"type":"if","locations":[{"start":{"line":95,"column":4},"end":{"line":97,"column":5}}]},"4":{"loc":{"start":{"line":103,"column":6},"end":{"line":107,"column":7}},"type":"if","locations":[{"start":{"line":103,"column":6},"end":{"line":107,"column":7}}]},"5":{"loc":{"start":{"line":131,"column":4},"end":{"line":133,"column":5}},"type":"if","locations":[{"start":{"line":131,"column":4},"end":{"line":133,"column":5}}]},"6":{"loc":{"start":{"line":151,"column":4},"end":{"line":151,"column":24}},"type":"default-arg","locations":[{"start":{"line":151,"column":23},"end":{"line":151,"column":24}}]},"7":{"loc":{"start":{"line":177,"column":4},"end":{"line":179,"column":5}},"type":"if","locations":[{"start":{"line":177,"column":4},"end":{"line":179,"column":5}}]},"8":{"loc":{"start":{"line":195,"column":4},"end":{"line":200,"column":10}},"type":"default-arg","locations":[{"start":{"line":200,"column":8},"end":{"line":200,"column":10}}]},"9":{"loc":{"start":{"line":206,"column":4},"end":{"line":208,"column":5}},"type":"if","locations":[{"start":{"line":206,"column":4},"end":{"line":208,"column":5}}]},"10":{"loc":{"start":{"line":257,"column":6},"end":{"line":263,"column":7}},"type":"if","locations":[{"start":{"line":257,"column":6},"end":{"line":263,"column":7}},{"start":{"line":259,"column":13},"end":{"line":263,"column":7}}]},"11":{"loc":{"start":{"line":257,"column":10},"end":{"line":257,"column":49}},"type":"binary-expr","locations":[{"start":{"line":257,"column":10},"end":{"line":257,"column":22}},{"start":{"line":257,"column":26},"end":{"line":257,"column":49}}]}},"s":{"0":1,"1":1,"2":1,"3":1,"4":1,"5":1,"6":1,"7":1,"8":1,"9":3,"10":3,"11":3,"12":0,"13":0,"14":0,"15":0,"16":0,"17":0,"18":3,"19":3,"20":2,"21":2,"22":2,"23":1,"24":1,"25":1,"26":0,"27":1,"28":1,"29":0,"30":0,"31":0,"32":0,"33":0,"34":0,"35":0,"36":1,"37":1,"38":1,"39":1,"40":1,"41":0,"42":1,"43":1,"44":0,"45":0,"46":1,"47":1,"48":1,"49":1,"50":0,"51":0,"52":1,"53":1,"54":1,"55":1,"56":1,"57":0,"58":1,"59":1,"60":1,"61":1,"62":0,"63":0,"64":0,"65":0,"66":0,"67":0,"68":0,"69":0,"70":0,"71":0,"72":0,"73":0,"74":0,"75":0,"76":0,"77":0,"78":0,"79":2,"80":2,"81":2,"82":1,"83":1,"84":1,"85":1,"86":1,"87":1,"88":1},"f":{"0":1,"1":3,"2":2,"3":1,"4":1,"5":1,"6":1,"7":0,"8":0,"9":2},"b":{"0":[0,1],"1":[0,0],"2":[2],"3":[0],"4":[0],"5":[0],"6":[0],"7":[0],"8":[0],"9":[0],"10":[1,1],"11":[2,2]}}
,"C:\\Users\\aggis\\GitHub\\runerogue\\src\\server\\auth\\middleware.ts": {"path":"C:\\Users\\aggis\\GitHub\\runerogue\\src\\server\\auth\\middleware.ts","statementMap":{"0":{"start":{"line":2,"column":0},"end":{"line":2,"column":31}},"1":{"start":{"line":15,"column":19},"end":{"line":15,"column":62}},"2":{"start":{"line":37,"column":35},"end":{"line":39,"column":1}},"3":{"start":{"line":38,"column":2},"end":{"line":38,"column":57}},"4":{"start":{"line":37,"column":13},"end":{"line":37,"column":35}},"5":{"start":{"line":44,"column":33},"end":{"line":65,"column":1}},"6":{"start":{"line":45,"column":21},"end":{"line":45,"column":46}},"7":{"start":{"line":46,"column":16},"end":{"line":46,"column":41}},"8":{"start":{"line":48,"column":2},"end":{"line":51,"column":3}},"9":{"start":{"line":49,"column":4},"end":{"line":49,"column":57}},"10":{"start":{"line":50,"column":4},"end":{"line":50,"column":11}},"11":{"start":{"line":53,"column":2},"end":{"line":64,"column":5}},"12":{"start":{"line":54,"column":4},"end":{"line":57,"column":5}},"13":{"start":{"line":55,"column":6},"end":{"line":55,"column":66}},"14":{"start":{"line":56,"column":6},"end":{"line":56,"column":13}},"15":{"start":{"line":59,"column":4},"end":{"line":61,"column":5}},"16":{"start":{"line":60,"column":6},"end":{"line":60,"column":40}},"17":{"start":{"line":63,"column":4},"end":{"line":63,"column":11}},"18":{"start":{"line":44,"column":13},"end":{"line":44,"column":33}},"19":{"start":{"line":67,"column":28},"end":{"line":93,"column":1}},"20":{"start":{"line":74,"column":2},"end":{"line":74,"column":61}},"21":{"start":{"line":77,"column":2},"end":{"line":79,"column":3}},"22":{"start":{"line":78,"column":4},"end":{"line":78,"column":60}},"23":{"start":{"line":82,"column":21},"end":{"line":82,"column":38}},"24":{"start":{"line":85,"column":24},"end":{"line":90,"column":4}},"25":{"start":{"line":92,"column":2},"end":{"line":92,"column":45}},"26":{"start":{"line":67,"column":13},"end":{"line":67,"column":28}}},"fnMap":{"0":{"name":"(anonymous_1)","decl":{"start":{"line":37,"column":35},"end":{"line":37,"column":36}},"loc":{"start":{"line":37,"column":93},"end":{"line":39,"column":1}}},"1":{"name":"(anonymous_2)","decl":{"start":{"line":44,"column":33},"end":{"line":44,"column":34}},"loc":{"start":{"line":44,"column":91},"end":{"line":65,"column":1}}},"2":{"name":"(anonymous_3)","decl":{"start":{"line":53,"column":32},"end":{"line":53,"column":33}},"loc":{"start":{"line":53,"column":83},"end":{"line":64,"column":3}}},"3":{"name":"(anonymous_4)","decl":{"start":{"line":67,"column":28},"end":{"line":67,"column":null}},"loc":{"start":{"line":72,"column":4},"end":{"line":93,"column":1}}}},"branchMap":{"0":{"loc":{"start":{"line":15,"column":19},"end":{"line":15,"column":62}},"type":"binary-expr","locations":[{"start":{"line":15,"column":19},"end":{"line":15,"column":41}},{"start":{"line":15,"column":45},"end":{"line":15,"column":62}}]},"1":{"loc":{"start":{"line":46,"column":16},"end":{"line":46,"column":41}},"type":"cond-expr","locations":[{"start":{"line":46,"column":26},"end":{"line":46,"column":28}},{"start":{"line":46,"column":16},"end":{"line":46,"column":41}}]},"2":{"loc":{"start":{"line":46,"column":16},"end":{"line":46,"column":28}},"type":"binary-expr","locations":[{"start":{"line":46,"column":16},"end":{"line":46,"column":28}},{"start":{"line":46,"column":16},"end":{"line":46,"column":28}}]},"3":{"loc":{"start":{"line":48,"column":2},"end":{"line":51,"column":3}},"type":"if","locations":[{"start":{"line":48,"column":2},"end":{"line":51,"column":3}}]},"4":{"loc":{"start":{"line":54,"column":4},"end":{"line":57,"column":5}},"type":"if","locations":[{"start":{"line":54,"column":4},"end":{"line":57,"column":5}}]},"5":{"loc":{"start":{"line":59,"column":4},"end":{"line":61,"column":5}},"type":"if","locations":[{"start":{"line":59,"column":4},"end":{"line":61,"column":5}}]},"6":{"loc":{"start":{"line":59,"column":8},"end":{"line":59,"column":46}},"type":"binary-expr","locations":[{"start":{"line":59,"column":8},"end":{"line":59,"column":15}},{"start":{"line":59,"column":19},"end":{"line":59,"column":46}}]},"7":{"loc":{"start":{"line":77,"column":2},"end":{"line":79,"column":3}},"type":"if","locations":[{"start":{"line":77,"column":2},"end":{"line":79,"column":3}}]},"8":{"loc":{"start":{"line":82,"column":21},"end":{"line":82,"column":38}},"type":"binary-expr","locations":[{"start":{"line":82,"column":21},"end":{"line":82,"column":31}},{"start":{"line":82,"column":35},"end":{"line":82,"column":38}}]},"9":{"loc":{"start":{"line":87,"column":15},"end":{"line":87,"column":73}},"type":"cond-expr","locations":[{"start":{"line":87,"column":36},"end":{"line":87,"column":59}},{"start":{"line":87,"column":62},"end":{"line":87,"column":73}}]},"10":{"loc":{"start":{"line":88,"column":10},"end":{"line":88,"column":72}},"type":"binary-expr","locations":[{"start":{"line":88,"column":10},"end":{"line":88,"column":48}},{"start":{"line":88,"column":52},"end":{"line":88,"column":72}}]}},"s":{"0":0,"1":0,"2":0,"3":0,"4":0,"5":0,"6":0,"7":0,"8":0,"9":0,"10":0,"11":0,"12":0,"13":0,"14":0,"15":0,"16":0,"17":0,"18":0,"19":0,"20":0,"21":0,"22":0,"23":0,"24":0,"25":0,"26":0},"f":{"0":0,"1":0,"2":0,"3":0},"b":{"0":[0,0],"1":[0,0],"2":[0,0],"3":[0],"4":[0],"5":[0],"6":[0,0],"7":[0],"8":[0,0],"9":[0,0],"10":[0,0]}}
,"C:\\Users\\aggis\\GitHub\\runerogue\\src\\server\\game\\CombatSystem.ts": {"path":"C:\\Users\\aggis\\GitHub\\runerogue\\src\\server\\game\\CombatSystem.ts","statementMap":{"0":{"start":{"line":4,"column":0},"end":{"line":4,"column":null}},"1":{"start":{"line":5,"column":2},"end":{"line":5,"column":null}},"2":{"start":{"line":6,"column":2},"end":{"line":6,"column":null}},"3":{"start":{"line":7,"column":2},"end":{"line":7,"column":null}},"4":{"start":{"line":8,"column":2},"end":{"line":8,"column":null}},"5":{"start":{"line":11,"column":0},"end":{"line":11,"column":null}},"6":{"start":{"line":12,"column":2},"end":{"line":12,"column":null}},"7":{"start":{"line":13,"column":2},"end":{"line":13,"column":null}},"8":{"start":{"line":14,"column":2},"end":{"line":14,"column":null}},"9":{"start":{"line":15,"column":2},"end":{"line":15,"column":null}},"10":{"start":{"line":16,"column":2},"end":{"line":16,"column":null}},"11":{"start":{"line":59,"column":52},"end":{"line":127,"column":2}},"12":{"start":{"line":102,"column":40},"end":{"line":102,"column":42}},"13":{"start":{"line":103,"column":8},"end":{"line":116,"column":9}},"14":{"start":{"line":103,"column":21},"end":{"line":103,"column":22}},"15":{"start":{"line":104,"column":28},"end":{"line":106,"column":null}},"16":{"start":{"line":108,"column":22},"end":{"line":108,"column":47}},"17":{"start":{"line":109,"column":25},"end":{"line":109,"column":87}},"18":{"start":{"line":110,"column":10},"end":{"line":115,"column":13}},"19":{"start":{"line":118,"column":8},"end":{"line":123,"column":10}},"20":{"start":{"line":129,"column":89},"end":{"line":140,"column":2}},"21":{"start":{"line":151,"column":4},"end":{"line":153,"column":7}},"22":{"start":{"line":152,"column":6},"end":{"line":152,"column":41}},"23":{"start":{"line":155,"column":4},"end":{"line":158,"column":7}},"24":{"start":{"line":172,"column":4},"end":{"line":172,"column":54}},"25":{"start":{"line":172,"column":33},"end":{"line":172,"column":54}},"26":{"start":{"line":173,"column":4},"end":{"line":173,"column":54}},"27":{"start":{"line":173,"column":33},"end":{"line":173,"column":54}},"28":{"start":{"line":174,"column":4},"end":{"line":174,"column":64}},"29":{"start":{"line":174,"column":27},"end":{"line":174,"column":64}},"30":{"start":{"line":175,"column":4},"end":{"line":175,"column":64}},"31":{"start":{"line":175,"column":27},"end":{"line":175,"column":64}},"32":{"start":{"line":176,"column":4},"end":{"line":176,"column":37}},"33":{"start":{"line":179,"column":4},"end":{"line":186,"column":5}},"34":{"start":{"line":180,"column":21},"end":{"line":180,"column":39}},"35":{"start":{"line":181,"column":6},"end":{"line":184,"column":7}},"36":{"start":{"line":183,"column":8},"end":{"line":183,"column":36}},"37":{"start":{"line":188,"column":4},"end":{"line":188,"column":44}},"38":{"start":{"line":199,"column":24},"end":{"line":199,"column":74}},"39":{"start":{"line":200,"column":23},"end":{"line":200,"column":97}},"40":{"start":{"line":203,"column":25},"end":{"line":203,"column":64}},"41":{"start":{"line":204,"column":24},"end":{"line":206,"column":null}},"42":{"start":{"line":210,"column":4},"end":{"line":214,"column":5}},"43":{"start":{"line":211,"column":6},"end":{"line":211,"column":66}},"44":{"start":{"line":213,"column":6},"end":{"line":213,"column":44}},"45":{"start":{"line":222,"column":24},"end":{"line":222,"column":54}},"46":{"start":{"line":224,"column":4},"end":{"line":228,"column":5}},"47":{"start":{"line":225,"column":6},"end":{"line":225,"column":25}},"48":{"start":{"line":226,"column":11},"end":{"line":228,"column":5}},"49":{"start":{"line":227,"column":6},"end":{"line":227,"column":25}},"50":{"start":{"line":231,"column":26},"end":{"line":231,"column":57}},"51":{"start":{"line":234,"column":23},"end":{"line":234,"column":85}},"52":{"start":{"line":237,"column":25},"end":{"line":237,"column":50}},"53":{"start":{"line":239,"column":4},"end":{"line":239,"column":49}},"54":{"start":{"line":251,"column":23},"end":{"line":251,"column":61}},"55":{"start":{"line":252,"column":24},"end":{"line":263,"column":6}},"56":{"start":{"line":266,"column":4},"end":{"line":293,"column":5}},"57":{"start":{"line":268,"column":6},"end":{"line":292,"column":7}},"58":{"start":{"line":275,"column":8},"end":{"line":275,"column":71}},"59":{"start":{"line":277,"column":8},"end":{"line":277,"column":84}},"60":{"start":{"line":277,"column":43},"end":{"line":277,"column":84}},"61":{"start":{"line":278,"column":8},"end":{"line":278,"column":92}},"62":{"start":{"line":280,"column":36},"end":{"line":283,"column":null}},"63":{"start":{"line":285,"column":8},"end":{"line":290,"column":9}},"64":{"start":{"line":286,"column":10},"end":{"line":286,"column":56}},"65":{"start":{"line":287,"column":10},"end":{"line":289,"column":11}},"66":{"start":{"line":288,"column":12},"end":{"line":288,"column":32}},"67":{"start":{"line":291,"column":8},"end":{"line":291,"column":35}},"68":{"start":{"line":296,"column":22},"end":{"line":296,"column":89}},"69":{"start":{"line":297,"column":16},"end":{"line":297,"column":41}},"70":{"start":{"line":299,"column":4},"end":{"line":306,"column":5}},"71":{"start":{"line":300,"column":6},"end":{"line":305,"column":8}},"72":{"start":{"line":309,"column":19},"end":{"line":309,"column":62}},"73":{"start":{"line":312,"column":24},"end":{"line":312,"column":43}},"74":{"start":{"line":313,"column":24},"end":{"line":313,"column":71}},"75":{"start":{"line":316,"column":36},"end":{"line":316,"column":38}},"76":{"start":{"line":319,"column":4},"end":{"line":326,"column":5}},"77":{"start":{"line":320,"column":6},"end":{"line":325,"column":9}},"78":{"start":{"line":328,"column":4},"end":{"line":334,"column":5}},"79":{"start":{"line":329,"column":6},"end":{"line":329,"column":37}},"80":{"start":{"line":331,"column":6},"end":{"line":333,"column":7}},"81":{"start":{"line":332,"column":8},"end":{"line":332,"column":28}},"82":{"start":{"line":336,"column":4},"end":{"line":341,"column":6}},"83":{"start":{"line":348,"column":4},"end":{"line":366,"column":7}},"84":{"start":{"line":350,"column":6},"end":{"line":365,"column":7}},"85":{"start":{"line":355,"column":10},"end":{"line":355,"column":16}},"86":{"start":{"line":358,"column":10},"end":{"line":358,"column":16}},"87":{"start":{"line":361,"column":10},"end":{"line":361,"column":31}},"88":{"start":{"line":362,"column":10},"end":{"line":362,"column":65}},"89":{"start":{"line":363,"column":10},"end":{"line":363,"column":16}},"90":{"start":{"line":379,"column":27},"end":{"line":379,"column":50}},"91":{"start":{"line":381,"column":23},"end":{"line":381,"column":46}},"92":{"start":{"line":383,"column":4},"end":{"line":393,"column":7}},"93":{"start":{"line":384,"column":23},"end":{"line":384,"column":95}},"94":{"start":{"line":385,"column":6},"end":{"line":388,"column":7}},"95":{"start":{"line":386,"column":8},"end":{"line":386,"column":31}},"96":{"start":{"line":387,"column":8},"end":{"line":387,"column":36}},"97":{"start":{"line":389,"column":6},"end":{"line":392,"column":7}},"98":{"start":{"line":390,"column":8},"end":{"line":390,"column":36}},"99":{"start":{"line":391,"column":8},"end":{"line":391,"column":37}},"100":{"start":{"line":395,"column":4},"end":{"line":397,"column":5}},"101":{"start":{"line":396,"column":6},"end":{"line":396,"column":64}},"102":{"start":{"line":398,"column":4},"end":{"line":408,"column":5}},"103":{"start":{"line":400,"column":6},"end":{"line":407,"column":7}},"104":{"start":{"line":401,"column":21},"end":{"line":401,"column":34}},"105":{"start":{"line":402,"column":8},"end":{"line":402,"column":77}},"106":{"start":{"line":402,"column":25},"end":{"line":402,"column":77}},"107":{"start":{"line":403,"column":8},"end":{"line":403,"column":73}},"108":{"start":{"line":403,"column":24},"end":{"line":403,"column":73}},"109":{"start":{"line":404,"column":8},"end":{"line":404,"column":59}},"110":{"start":{"line":406,"column":8},"end":{"line":406,"column":57}},"111":{"start":{"line":410,"column":4},"end":{"line":410,"column":32}},"112":{"start":{"line":449,"column":16},"end":{"line":449,"column":44}},"113":{"start":{"line":450,"column":4},"end":{"line":450,"column":21}},"114":{"start":{"line":450,"column":14},"end":{"line":450,"column":21}},"115":{"start":{"line":451,"column":4},"end":{"line":455,"column":5}},"116":{"start":{"line":452,"column":6},"end":{"line":452,"column":44}},"117":{"start":{"line":453,"column":6},"end":{"line":453,"column":70}},"118":{"start":{"line":453,"column":35},"end":{"line":453,"column":70}},"119":{"start":{"line":454,"column":6},"end":{"line":454,"column":72}},"120":{"start":{"line":460,"column":4},"end":{"line":460,"column":40}},"121":{"start":{"line":460,"column":33},"end":{"line":460,"column":40}},"122":{"start":{"line":461,"column":16},"end":{"line":461,"column":26}},"123":{"start":{"line":462,"column":4},"end":{"line":467,"column":5}},"124":{"start":{"line":463,"column":6},"end":{"line":466,"column":7}},"125":{"start":{"line":464,"column":8},"end":{"line":464,"column":78}},"126":{"start":{"line":464,"column":64},"end":{"line":464,"column":76}},"127":{"start":{"line":465,"column":8},"end":{"line":465,"column":46}},"128":{"start":{"line":472,"column":35},"end":{"line":477,"column":6}},"129":{"start":{"line":478,"column":4},"end":{"line":486,"column":5}},"130":{"start":{"line":479,"column":18},"end":{"line":479,"column":42}},"131":{"start":{"line":480,"column":6},"end":{"line":485,"column":7}},"132":{"start":{"line":481,"column":8},"end":{"line":481,"column":45}},"133":{"start":{"line":482,"column":8},"end":{"line":482,"column":49}},"134":{"start":{"line":483,"column":8},"end":{"line":483,"column":47}},"135":{"start":{"line":484,"column":8},"end":{"line":484,"column":53}},"136":{"start":{"line":487,"column":4},"end":{"line":487,"column":17}},"137":{"start":{"line":492,"column":25},"end":{"line":492,"column":51}},"138":{"start":{"line":494,"column":4},"end":{"line":494,"column":62}},"139":{"start":{"line":496,"column":4},"end":{"line":500,"column":5}},"140":{"start":{"line":497,"column":6},"end":{"line":497,"column":26}},"141":{"start":{"line":498,"column":11},"end":{"line":500,"column":5}},"142":{"start":{"line":499,"column":6},"end":{"line":499,"column":26}},"143":{"start":{"line":501,"column":4},"end":{"line":501,"column":26}},"144":{"start":{"line":506,"column":25},"end":{"line":506,"column":52}},"145":{"start":{"line":508,"column":4},"end":{"line":508,"column":63}},"146":{"start":{"line":510,"column":4},"end":{"line":514,"column":5}},"147":{"start":{"line":511,"column":6},"end":{"line":511,"column":26}},"148":{"start":{"line":512,"column":11},"end":{"line":514,"column":5}},"149":{"start":{"line":513,"column":6},"end":{"line":513,"column":26}},"150":{"start":{"line":515,"column":4},"end":{"line":515,"column":26}},"151":{"start":{"line":519,"column":4},"end":{"line":519,"column":56}},"152":{"start":{"line":523,"column":4},"end":{"line":523,"column":58}},"153":{"start":{"line":528,"column":23},"end":{"line":528,"column":46}},"154":{"start":{"line":529,"column":4},"end":{"line":529,"column":30}},"155":{"start":{"line":529,"column":21},"end":{"line":529,"column":30}},"156":{"start":{"line":531,"column":19},"end":{"line":531,"column":45}},"157":{"start":{"line":532,"column":4},"end":{"line":532,"column":26}},"158":{"start":{"line":532,"column":17},"end":{"line":532,"column":26}},"159":{"start":{"line":534,"column":4},"end":{"line":534,"column":47}},"160":{"start":{"line":538,"column":23},"end":{"line":538,"column":24}},"161":{"start":{"line":541,"column":22},"end":{"line":541,"column":44}},"162":{"start":{"line":542,"column":4},"end":{"line":547,"column":5}},"163":{"start":{"line":543,"column":20},"end":{"line":543,"column":44}},"164":{"start":{"line":544,"column":6},"end":{"line":546,"column":7}},"165":{"start":{"line":545,"column":8},"end":{"line":545,"column":60}},"166":{"start":{"line":550,"column":23},"end":{"line":550,"column":46}},"167":{"start":{"line":551,"column":4},"end":{"line":555,"column":5}},"168":{"start":{"line":554,"column":6},"end":{"line":554,"column":25}},"169":{"start":{"line":557,"column":4},"end":{"line":557,"column":24}},"170":{"start":{"line":561,"column":24},"end":{"line":561,"column":25}},"171":{"start":{"line":564,"column":23},"end":{"line":564,"column":46}},"172":{"start":{"line":565,"column":4},"end":{"line":570,"column":5}},"173":{"start":{"line":566,"column":21},"end":{"line":566,"column":47}},"174":{"start":{"line":567,"column":6},"end":{"line":569,"column":7}},"175":{"start":{"line":568,"column":8},"end":{"line":568,"column":46}},"176":{"start":{"line":574,"column":4},"end":{"line":574,"column":25}},"177":{"start":{"line":145,"column":0},"end":{"line":145,"column":13}},"178":{"start":{"line":416,"column":17},"end":{"line":445,"column":4}},"179":{"start":{"line":578,"column":0},"end":{"line":578,"column":28}}},"fnMap":{"0":{"name":"(anonymous_0)","decl":{"start":{"line":4,"column":0},"end":{"line":4,"column":12}},"loc":{"start":{"line":4,"column":23},"end":{"line":9,"column":1}}},"1":{"name":"(anonymous_1)","decl":{"start":{"line":11,"column":0},"end":{"line":11,"column":12}},"loc":{"start":{"line":11,"column":22},"end":{"line":17,"column":1}}},"2":{"name":"(anonymous_2)","decl":{"start":{"line":100,"column":15},"end":{"line":100,"column":16}},"loc":{"start":{"line":100,"column":50},"end":{"line":124,"column":7}}},"3":{"name":"(anonymous_3)","decl":{"start":{"line":149,"column":2},"end":{"line":149,"column":8}},"loc":{"start":{"line":149,"column":39},"end":{"line":160,"column":3}}},"4":{"name":"(anonymous_4)","decl":{"start":{"line":151,"column":26},"end":{"line":151,"column":32}},"loc":{"start":{"line":151,"column":35},"end":{"line":153,"column":5}}},"5":{"name":"(anonymous_5)","decl":{"start":{"line":155,"column":26},"end":{"line":155,"column":32}},"loc":{"start":{"line":155,"column":35},"end":{"line":158,"column":5}}},"6":{"name":"(anonymous_6)","decl":{"start":{"line":165,"column":2},"end":{"line":165,"column":8}},"loc":{"start":{"line":169,"column":49},"end":{"line":189,"column":3}}},"7":{"name":"(anonymous_7)","decl":{"start":{"line":193,"column":2},"end":{"line":193,"column":8}},"loc":{"start":{"line":196,"column":45},"end":{"line":215,"column":3}}},"8":{"name":"(anonymous_8)","decl":{"start":{"line":220,"column":2},"end":{"line":220,"column":8}},"loc":{"start":{"line":220,"column":67},"end":{"line":240,"column":3}}},"9":{"name":"(anonymous_9)","decl":{"start":{"line":245,"column":2},"end":{"line":245,"column":8}},"loc":{"start":{"line":249,"column":35},"end":{"line":342,"column":3}}},"10":{"name":"(anonymous_10)","decl":{"start":{"line":347,"column":2},"end":{"line":347,"column":8}},"loc":{"start":{"line":347,"column":61},"end":{"line":367,"column":3}}},"11":{"name":"(anonymous_11)","decl":{"start":{"line":348,"column":20},"end":{"line":348,"column":26}},"loc":{"start":{"line":348,"column":29},"end":{"line":366,"column":5}}},"12":{"name":"(anonymous_12)","decl":{"start":{"line":372,"column":2},"end":{"line":372,"column":8}},"loc":{"start":{"line":375,"column":23},"end":{"line":411,"column":3}}},"13":{"name":"(anonymous_13)","decl":{"start":{"line":383,"column":20},"end":{"line":383,"column":26}},"loc":{"start":{"line":383,"column":29},"end":{"line":393,"column":5}}},"14":{"name":"(anonymous_14)","decl":{"start":{"line":448,"column":2},"end":{"line":448,"column":8}},"loc":{"start":{"line":448,"column":58},"end":{"line":456,"column":3}}},"15":{"name":"(anonymous_15)","decl":{"start":{"line":459,"column":2},"end":{"line":459,"column":8}},"loc":{"start":{"line":459,"column":37},"end":{"line":468,"column":3}}},"16":{"name":"(anonymous_16)","decl":{"start":{"line":464,"column":59},"end":{"line":464,"column":60}},"loc":{"start":{"line":464,"column":64},"end":{"line":464,"column":76}}},"17":{"name":"(anonymous_17)","decl":{"start":{"line":470,"column":10},"end":{"line":470,"column":16}},"loc":{"start":{"line":470,"column":46},"end":{"line":488,"column":3}}},"18":{"name":"(anonymous_18)","decl":{"start":{"line":490,"column":10},"end":{"line":490,"column":16}},"loc":{"start":{"line":490,"column":79},"end":{"line":502,"column":3}}},"19":{"name":"(anonymous_19)","decl":{"start":{"line":504,"column":10},"end":{"line":504,"column":16}},"loc":{"start":{"line":504,"column":56},"end":{"line":516,"column":3}}},"20":{"name":"(anonymous_20)","decl":{"start":{"line":518,"column":10},"end":{"line":518,"column":16}},"loc":{"start":{"line":518,"column":71},"end":{"line":520,"column":3}}},"21":{"name":"(anonymous_21)","decl":{"start":{"line":522,"column":10},"end":{"line":522,"column":16}},"loc":{"start":{"line":522,"column":74},"end":{"line":524,"column":3}}},"22":{"name":"(anonymous_22)","decl":{"start":{"line":526,"column":10},"end":{"line":526,"column":16}},"loc":{"start":{"line":526,"column":70},"end":{"line":535,"column":3}}},"23":{"name":"(anonymous_23)","decl":{"start":{"line":537,"column":10},"end":{"line":537,"column":16}},"loc":{"start":{"line":537,"column":71},"end":{"line":558,"column":3}}},"24":{"name":"(anonymous_24)","decl":{"start":{"line":560,"column":10},"end":{"line":560,"column":16}},"loc":{"start":{"line":560,"column":48},"end":{"line":575,"column":3}}}},"branchMap":{"0":{"loc":{"start":{"line":4,"column":12},"end":{"line":4,"column":null}},"type":"binary-expr","locations":[{"start":{"line":4,"column":12},"end":{"line":4,"column":23}},{"start":{"line":4,"column":23},"end":{"line":4,"column":null}}]},"1":{"loc":{"start":{"line":11,"column":12},"end":{"line":11,"column":null}},"type":"binary-expr","locations":[{"start":{"line":11,"column":12},"end":{"line":11,"column":22}},{"start":{"line":11,"column":22},"end":{"line":11,"column":null}}]},"2":{"loc":{"start":{"line":109,"column":25},"end":{"line":109,"column":87}},"type":"cond-expr","locations":[{"start":{"line":109,"column":31},"end":{"line":109,"column":83}},{"start":{"line":109,"column":86},"end":{"line":109,"column":87}}]},"3":{"loc":{"start":{"line":119,"column":15},"end":{"line":119,"column":47}},"type":"binary-expr","locations":[{"start":{"line":119,"column":15},"end":{"line":119,"column":29}},{"start":{"line":119,"column":33},"end":{"line":119,"column":47}}]},"4":{"loc":{"start":{"line":172,"column":4},"end":{"line":172,"column":54}},"type":"if","locations":[{"start":{"line":172,"column":4},"end":{"line":172,"column":54}}]},"5":{"loc":{"start":{"line":173,"column":4},"end":{"line":173,"column":54}},"type":"if","locations":[{"start":{"line":173,"column":4},"end":{"line":173,"column":54}}]},"6":{"loc":{"start":{"line":174,"column":4},"end":{"line":174,"column":64}},"type":"if","locations":[{"start":{"line":174,"column":4},"end":{"line":174,"column":64}}]},"7":{"loc":{"start":{"line":175,"column":4},"end":{"line":175,"column":64}},"type":"if","locations":[{"start":{"line":175,"column":4},"end":{"line":175,"column":64}}]},"8":{"loc":{"start":{"line":179,"column":4},"end":{"line":186,"column":5}},"type":"if","locations":[{"start":{"line":179,"column":4},"end":{"line":186,"column":5}}]},"9":{"loc":{"start":{"line":181,"column":6},"end":{"line":184,"column":7}},"type":"if","locations":[{"start":{"line":181,"column":6},"end":{"line":184,"column":7}}]},"10":{"loc":{"start":{"line":196,"column":4},"end":{"line":196,"column":45}},"type":"default-arg","locations":[{"start":{"line":196,"column":29},"end":{"line":196,"column":45}}]},"11":{"loc":{"start":{"line":210,"column":4},"end":{"line":214,"column":5}},"type":"if","locations":[{"start":{"line":210,"column":4},"end":{"line":214,"column":5}},{"start":{"line":212,"column":11},"end":{"line":214,"column":5}}]},"12":{"loc":{"start":{"line":224,"column":4},"end":{"line":228,"column":5}},"type":"if","locations":[{"start":{"line":224,"column":4},"end":{"line":228,"column":5}},{"start":{"line":226,"column":11},"end":{"line":228,"column":5}}]},"13":{"loc":{"start":{"line":226,"column":11},"end":{"line":228,"column":5}},"type":"if","locations":[{"start":{"line":226,"column":11},"end":{"line":228,"column":5}}]},"14":{"loc":{"start":{"line":251,"column":23},"end":{"line":251,"column":61}},"type":"binary-expr","locations":[{"start":{"line":251,"column":23},"end":{"line":251,"column":48}},{"start":{"line":251,"column":52},"end":{"line":251,"column":61}}]},"15":{"loc":{"start":{"line":252,"column":24},"end":{"line":263,"column":6}},"type":"binary-expr","locations":[{"start":{"line":252,"column":24},"end":{"line":252,"column":50}},{"start":{"line":252,"column":54},"end":{"line":263,"column":6}}]},"16":{"loc":{"start":{"line":266,"column":4},"end":{"line":293,"column":5}},"type":"if","locations":[{"start":{"line":266,"column":4},"end":{"line":293,"column":5}}]},"17":{"loc":{"start":{"line":266,"column":8},"end":{"line":266,"column":53}},"type":"binary-expr","locations":[{"start":{"line":266,"column":8},"end":{"line":266,"column":24}},{"start":{"line":266,"column":28},"end":{"line":266,"column":53}}]},"18":{"loc":{"start":{"line":266,"column":8},"end":{"line":266,"column":24}},"type":"cond-expr","locations":[{"start":{"line":266,"column":12},"end":{"line":266,"column":14}},{"start":{"line":266,"column":8},"end":{"line":266,"column":24}}]},"19":{"loc":{"start":{"line":266,"column":8},"end":{"line":266,"column":14}},"type":"binary-expr","locations":[{"start":{"line":266,"column":8},"end":{"line":266,"column":14}},{"start":{"line":266,"column":8},"end":{"line":266,"column":14}}]},"20":{"loc":{"start":{"line":268,"column":6},"end":{"line":292,"column":7}},"type":"if","locations":[{"start":{"line":268,"column":6},"end":{"line":292,"column":7}}]},"21":{"loc":{"start":{"line":269,"column":8},"end":{"line":272,"column":89}},"type":"binary-expr","locations":[{"start":{"line":269,"column":8},"end":{"line":269,"column":70}},{"start":{"line":270,"column":9},"end":{"line":270,"column":38}},{"start":{"line":271,"column":10},"end":{"line":271,"column":75}},{"start":{"line":272,"column":10},"end":{"line":272,"column":88}}]},"22":{"loc":{"start":{"line":277,"column":8},"end":{"line":277,"column":84}},"type":"if","locations":[{"start":{"line":277,"column":8},"end":{"line":277,"column":84}}]},"23":{"loc":{"start":{"line":285,"column":8},"end":{"line":290,"column":9}},"type":"if","locations":[{"start":{"line":285,"column":8},"end":{"line":290,"column":9}}]},"24":{"loc":{"start":{"line":287,"column":10},"end":{"line":289,"column":11}},"type":"if","locations":[{"start":{"line":287,"column":10},"end":{"line":289,"column":11}}]},"25":{"loc":{"start":{"line":299,"column":4},"end":{"line":306,"column":5}},"type":"if","locations":[{"start":{"line":299,"column":4},"end":{"line":306,"column":5}}]},"26":{"loc":{"start":{"line":313,"column":24},"end":{"line":313,"column":71}},"type":"cond-expr","locations":[{"start":{"line":313,"column":38},"end":{"line":313,"column":62}},{"start":{"line":313,"column":65},"end":{"line":313,"column":71}}]},"27":{"loc":{"start":{"line":319,"column":4},"end":{"line":326,"column":5}},"type":"if","locations":[{"start":{"line":319,"column":4},"end":{"line":326,"column":5}}]},"28":{"loc":{"start":{"line":319,"column":8},"end":{"line":319,"column":63}},"type":"binary-expr","locations":[{"start":{"line":319,"column":8},"end":{"line":319,"column":40}},{"start":{"line":319,"column":44},"end":{"line":319,"column":63}}]},"29":{"loc":{"start":{"line":328,"column":4},"end":{"line":334,"column":5}},"type":"if","locations":[{"start":{"line":328,"column":4},"end":{"line":334,"column":5}}]},"30":{"loc":{"start":{"line":331,"column":6},"end":{"line":333,"column":7}},"type":"if","locations":[{"start":{"line":331,"column":6},"end":{"line":333,"column":7}}]},"31":{"loc":{"start":{"line":350,"column":6},"end":{"line":365,"column":7}},"type":"switch","locations":[{"start":{"line":351,"column":8},"end":{"line":355,"column":16}},{"start":{"line":356,"column":8},"end":{"line":358,"column":16}},{"start":{"line":359,"column":8},"end":{"line":363,"column":16}}]},"32":{"loc":{"start":{"line":385,"column":6},"end":{"line":388,"column":7}},"type":"if","locations":[{"start":{"line":385,"column":6},"end":{"line":388,"column":7}}]},"33":{"loc":{"start":{"line":385,"column":10},"end":{"line":385,"column":66}},"type":"binary-expr","locations":[{"start":{"line":385,"column":10},"end":{"line":385,"column":37}},{"start":{"line":385,"column":41},"end":{"line":385,"column":66}}]},"34":{"loc":{"start":{"line":389,"column":6},"end":{"line":392,"column":7}},"type":"if","locations":[{"start":{"line":389,"column":6},"end":{"line":392,"column":7}}]},"35":{"loc":{"start":{"line":389,"column":10},"end":{"line":389,"column":67}},"type":"binary-expr","locations":[{"start":{"line":389,"column":10},"end":{"line":389,"column":38}},{"start":{"line":389,"column":42},"end":{"line":389,"column":67}}]},"36":{"loc":{"start":{"line":395,"column":4},"end":{"line":397,"column":5}},"type":"if","locations":[{"start":{"line":395,"column":4},"end":{"line":397,"column":5}}]},"37":{"loc":{"start":{"line":395,"column":8},"end":{"line":395,"column":70}},"type":"binary-expr","locations":[{"start":{"line":395,"column":8},"end":{"line":395,"column":26}},{"start":{"line":395,"column":30},"end":{"line":395,"column":47}},{"start":{"line":395,"column":51},"end":{"line":395,"column":70}}]},"38":{"loc":{"start":{"line":398,"column":4},"end":{"line":408,"column":5}},"type":"if","locations":[{"start":{"line":398,"column":4},"end":{"line":408,"column":5}}]},"39":{"loc":{"start":{"line":400,"column":6},"end":{"line":407,"column":7}},"type":"if","locations":[{"start":{"line":400,"column":6},"end":{"line":407,"column":7}},{"start":{"line":405,"column":13},"end":{"line":407,"column":7}}]},"40":{"loc":{"start":{"line":402,"column":8},"end":{"line":402,"column":77}},"type":"if","locations":[{"start":{"line":402,"column":8},"end":{"line":402,"column":77}}]},"41":{"loc":{"start":{"line":403,"column":8},"end":{"line":403,"column":73}},"type":"if","locations":[{"start":{"line":403,"column":8},"end":{"line":403,"column":73}}]},"42":{"loc":{"start":{"line":450,"column":4},"end":{"line":450,"column":21}},"type":"if","locations":[{"start":{"line":450,"column":4},"end":{"line":450,"column":21}}]},"43":{"loc":{"start":{"line":451,"column":4},"end":{"line":455,"column":5}},"type":"if","locations":[{"start":{"line":451,"column":4},"end":{"line":455,"column":5}}]},"44":{"loc":{"start":{"line":453,"column":6},"end":{"line":453,"column":70}},"type":"if","locations":[{"start":{"line":453,"column":6},"end":{"line":453,"column":70}}]},"45":{"loc":{"start":{"line":460,"column":4},"end":{"line":460,"column":40}},"type":"if","locations":[{"start":{"line":460,"column":4},"end":{"line":460,"column":40}}]},"46":{"loc":{"start":{"line":463,"column":6},"end":{"line":466,"column":7}},"type":"if","locations":[{"start":{"line":463,"column":6},"end":{"line":466,"column":7}}]},"47":{"loc":{"start":{"line":480,"column":6},"end":{"line":485,"column":7}},"type":"if","locations":[{"start":{"line":480,"column":6},"end":{"line":485,"column":7}}]},"48":{"loc":{"start":{"line":496,"column":4},"end":{"line":500,"column":5}},"type":"if","locations":[{"start":{"line":496,"column":4},"end":{"line":500,"column":5}},{"start":{"line":498,"column":11},"end":{"line":500,"column":5}}]},"49":{"loc":{"start":{"line":498,"column":11},"end":{"line":500,"column":5}},"type":"if","locations":[{"start":{"line":498,"column":11},"end":{"line":500,"column":5}}]},"50":{"loc":{"start":{"line":510,"column":4},"end":{"line":514,"column":5}},"type":"if","locations":[{"start":{"line":510,"column":4},"end":{"line":514,"column":5}},{"start":{"line":512,"column":11},"end":{"line":514,"column":5}}]},"51":{"loc":{"start":{"line":512,"column":11},"end":{"line":514,"column":5}},"type":"if","locations":[{"start":{"line":512,"column":11},"end":{"line":514,"column":5}}]},"52":{"loc":{"start":{"line":529,"column":4},"end":{"line":529,"column":30}},"type":"if","locations":[{"start":{"line":529,"column":4},"end":{"line":529,"column":30}}]},"53":{"loc":{"start":{"line":532,"column":4},"end":{"line":532,"column":26}},"type":"if","locations":[{"start":{"line":532,"column":4},"end":{"line":532,"column":26}}]},"54":{"loc":{"start":{"line":534,"column":11},"end":{"line":534,"column":46}},"type":"binary-expr","locations":[{"start":{"line":534,"column":11},"end":{"line":534,"column":41}},{"start":{"line":534,"column":45},"end":{"line":534,"column":46}}]},"55":{"loc":{"start":{"line":542,"column":4},"end":{"line":547,"column":5}},"type":"if","locations":[{"start":{"line":542,"column":4},"end":{"line":547,"column":5}}]},"56":{"loc":{"start":{"line":544,"column":6},"end":{"line":546,"column":7}},"type":"if","locations":[{"start":{"line":544,"column":6},"end":{"line":546,"column":7}}]},"57":{"loc":{"start":{"line":545,"column":24},"end":{"line":545,"column":59}},"type":"binary-expr","locations":[{"start":{"line":545,"column":24},"end":{"line":545,"column":54}},{"start":{"line":545,"column":58},"end":{"line":545,"column":59}}]},"58":{"loc":{"start":{"line":551,"column":4},"end":{"line":555,"column":5}},"type":"if","locations":[{"start":{"line":551,"column":4},"end":{"line":555,"column":5}}]},"59":{"loc":{"start":{"line":565,"column":4},"end":{"line":570,"column":5}},"type":"if","locations":[{"start":{"line":565,"column":4},"end":{"line":570,"column":5}}]},"60":{"loc":{"start":{"line":567,"column":6},"end":{"line":569,"column":7}},"type":"if","locations":[{"start":{"line":567,"column":6},"end":{"line":569,"column":7}}]}},"s":{"0":2,"1":2,"2":2,"3":2,"4":2,"5":2,"6":2,"7":2,"8":2,"9":2,"10":2,"11":2,"12":1,"13":1,"14":1,"15":2,"16":2,"17":2,"18":2,"19":1,"20":2,"21":960,"22":0,"23":960,"24":0,"25":0,"26":0,"27":0,"28":0,"29":0,"30":0,"31":0,"32":0,"33":0,"34":0,"35":0,"36":0,"37":0,"38":12,"39":12,"40":12,"41":12,"42":12,"43":3,"44":9,"45":7,"46":7,"47":0,"48":7,"49":0,"50":7,"51":7,"52":7,"53":7,"54":4,"55":4,"56":4,"57":1,"58":1,"59":1,"60":1,"61":1,"62":1,"63":1,"64":1,"65":1,"66":0,"67":1,"68":3,"69":3,"70":3,"71":2,"72":1,"73":1,"74":1,"75":1,"76":1,"77":0,"78":1,"79":1,"80":1,"81":0,"82":1,"83":0,"84":0,"85":0,"86":0,"87":0,"88":0,"89":0,"90":0,"91":0,"92":0,"93":0,"94":0,"95":0,"96":0,"97":0,"98":0,"99":0,"100":0,"101":0,"102":0,"103":0,"104":0,"105":0,"106":0,"107":0,"108":0,"109":0,"110":0,"111":0,"112":0,"113":0,"114":0,"115":0,"116":0,"117":0,"118":0,"119":0,"120":0,"121":0,"122":0,"123":0,"124":0,"125":0,"126":0,"127":0,"128":24,"129":24,"130":0,"131":0,"132":0,"133":0,"134":0,"135":0,"136":24,"137":12,"138":12,"139":12,"140":12,"141":0,"142":0,"143":12,"144":12,"145":12,"146":12,"147":0,"148":12,"149":0,"150":12,"151":12,"152":12,"153":12,"154":12,"155":0,"156":12,"157":12,"158":0,"159":12,"160":12,"161":12,"162":12,"163":12,"164":12,"165":12,"166":12,"167":12,"168":0,"169":12,"170":7,"171":7,"172":7,"173":7,"174":7,"175":7,"176":7,"177":2,"178":2,"179":2},"f":{"0":2,"1":2,"2":1,"3":960,"4":0,"5":0,"6":0,"7":12,"8":7,"9":4,"10":0,"11":0,"12":0,"13":0,"14":0,"15":0,"16":0,"17":24,"18":12,"19":12,"20":12,"21":12,"22":12,"23":12,"24":7},"b":{"0":[2,2],"1":[2,2],"2":[1,1],"3":[1,1],"4":[0],"5":[0],"6":[0],"7":[0],"8":[0],"9":[0],"10":[0],"11":[3,9],"12":[0,7],"13":[0],"14":[4,0],"15":[4,0],"16":[1],"17":[4,1],"18":[3,1],"19":[4,4],"20":[1],"21":[1,1,0,0],"22":[1],"23":[1],"24":[0],"25":[2],"26":[1,0],"27":[0],"28":[1,0],"29":[1],"30":[0],"31":[0,0,0],"32":[0],"33":[0,0],"34":[0],"35":[0,0],"36":[0],"37":[0,0,0],"38":[0],"39":[0,0],"40":[0],"41":[0],"42":[0],"43":[0],"44":[0],"45":[0],"46":[0],"47":[0],"48":[12,0],"49":[0],"50":[0,12],"51":[0],"52":[0],"53":[0],"54":[12,0],"55":[12],"56":[12],"57":[12,0],"58":[0],"59":[7],"60":[7]}}
,"C:\\Users\\aggis\\GitHub\\runerogue\\src\\server\\game\\EntitySchemas.ts": {"path":"C:\\Users\\aggis\\GitHub\\runerogue\\src\\server\\game\\EntitySchemas.ts","statementMap":{"0":{"start":{"line":1,"column":0},"end":{"line":1,"column":72}},"1":{"start":{"line":45,"column":4},"end":{"line":45,"column":12}},"2":{"start":{"line":46,"column":4},"end":{"line":46,"column":23}},"3":{"start":{"line":47,"column":4},"end":{"line":47,"column":17}},"4":{"start":{"line":37,"column":0},"end":{"line":37,"column":13}},"5":{"start":{"line":39,"column":9},"end":{"line":39,"column":null}},"6":{"start":{"line":42,"column":9},"end":{"line":42,"column":null}},"7":{"start":{"line":74,"column":4},"end":{"line":74,"column":12}},"8":{"start":{"line":75,"column":4},"end":{"line":75,"column":30}},"9":{"start":{"line":76,"column":4},"end":{"line":76,"column":32}},"10":{"start":{"line":77,"column":4},"end":{"line":77,"column":31}},"11":{"start":{"line":78,"column":4},"end":{"line":78,"column":30}},"12":{"start":{"line":79,"column":4},"end":{"line":79,"column":35}},"13":{"start":{"line":80,"column":4},"end":{"line":80,"column":31}},"14":{"start":{"line":54,"column":0},"end":{"line":54,"column":13}},"15":{"start":{"line":56,"column":9},"end":{"line":56,"column":null}},"16":{"start":{"line":59,"column":9},"end":{"line":59,"column":null}},"17":{"start":{"line":62,"column":9},"end":{"line":62,"column":null}},"18":{"start":{"line":65,"column":9},"end":{"line":65,"column":null}},"19":{"start":{"line":68,"column":9},"end":{"line":68,"column":null}},"20":{"start":{"line":71,"column":9},"end":{"line":71,"column":null}},"21":{"start":{"line":118,"column":4},"end":{"line":118,"column":12}},"22":{"start":{"line":119,"column":4},"end":{"line":119,"column":25}},"23":{"start":{"line":120,"column":4},"end":{"line":120,"column":21}},"24":{"start":{"line":121,"column":4},"end":{"line":121,"column":35}},"25":{"start":{"line":122,"column":4},"end":{"line":122,"column":29}},"26":{"start":{"line":123,"column":4},"end":{"line":123,"column":25}},"27":{"start":{"line":124,"column":4},"end":{"line":124,"column":27}},"28":{"start":{"line":125,"column":4},"end":{"line":125,"column":35}},"29":{"start":{"line":87,"column":0},"end":{"line":87,"column":13}},"30":{"start":{"line":89,"column":9},"end":{"line":89,"column":null}},"31":{"start":{"line":92,"column":9},"end":{"line":92,"column":null}},"32":{"start":{"line":95,"column":9},"end":{"line":95,"column":null}},"33":{"start":{"line":98,"column":9},"end":{"line":98,"column":null}},"34":{"start":{"line":101,"column":9},"end":{"line":101,"column":null}},"35":{"start":{"line":104,"column":9},"end":{"line":104,"column":null}},"36":{"start":{"line":107,"column":9},"end":{"line":107,"column":null}},"37":{"start":{"line":143,"column":4},"end":{"line":143,"column":12}},"38":{"start":{"line":144,"column":4},"end":{"line":144,"column":23}},"39":{"start":{"line":145,"column":4},"end":{"line":145,"column":22}},"40":{"start":{"line":146,"column":4},"end":{"line":146,"column":23}},"41":{"start":{"line":132,"column":0},"end":{"line":132,"column":13}},"42":{"start":{"line":134,"column":9},"end":{"line":134,"column":null}},"43":{"start":{"line":137,"column":9},"end":{"line":137,"column":null}},"44":{"start":{"line":140,"column":9},"end":{"line":140,"column":null}},"45":{"start":{"line":170,"column":4},"end":{"line":170,"column":12}},"46":{"start":{"line":155,"column":9},"end":{"line":155,"column":25}},"47":{"start":{"line":158,"column":9},"end":{"line":158,"column":23}},"48":{"start":{"line":161,"column":9},"end":{"line":161,"column":23}},"49":{"start":{"line":164,"column":9},"end":{"line":164,"column":31}},"50":{"start":{"line":167,"column":9},"end":{"line":167,"column":50}},"51":{"start":{"line":171,"column":4},"end":{"line":171,"column":32}},"52":{"start":{"line":153,"column":0},"end":{"line":153,"column":13}},"53":{"start":{"line":155,"column":9},"end":{"line":155,"column":null}},"54":{"start":{"line":158,"column":9},"end":{"line":158,"column":null}},"55":{"start":{"line":161,"column":9},"end":{"line":161,"column":null}},"56":{"start":{"line":164,"column":9},"end":{"line":164,"column":null}},"57":{"start":{"line":167,"column":9},"end":{"line":167,"column":null}},"58":{"start":{"line":250,"column":4},"end":{"line":250,"column":12}},"59":{"start":{"line":180,"column":9},"end":{"line":180,"column":25}},"60":{"start":{"line":183,"column":9},"end":{"line":183,"column":31}},"61":{"start":{"line":186,"column":9},"end":{"line":186,"column":23}},"62":{"start":{"line":189,"column":9},"end":{"line":189,"column":23}},"63":{"start":{"line":192,"column":9},"end":{"line":192,"column":36}},"64":{"start":{"line":195,"column":9},"end":{"line":195,"column":36}},"65":{"start":{"line":198,"column":9},"end":{"line":198,"column":30}},"66":{"start":{"line":201,"column":9},"end":{"line":201,"column":33}},"67":{"start":{"line":204,"column":9},"end":{"line":204,"column":34}},"68":{"start":{"line":207,"column":9},"end":{"line":207,"column":33}},"69":{"start":{"line":210,"column":9},"end":{"line":210,"column":31}},"70":{"start":{"line":213,"column":9},"end":{"line":213,"column":54}},"71":{"start":{"line":216,"column":9},"end":{"line":216,"column":36}},"72":{"start":{"line":219,"column":9},"end":{"line":219,"column":48}},"73":{"start":{"line":222,"column":9},"end":{"line":222,"column":39}},"74":{"start":{"line":225,"column":9},"end":{"line":225,"column":42}},"75":{"start":{"line":228,"column":9},"end":{"line":228,"column":35}},"76":{"start":{"line":231,"column":9},"end":{"line":231,"column":38}},"77":{"start":{"line":235,"column":9},"end":{"line":235,"column":37}},"78":{"start":{"line":239,"column":9},"end":{"line":239,"column":51}},"79":{"start":{"line":242,"column":10},"end":{"line":242,"column":57}},"80":{"start":{"line":245,"column":10},"end":{"line":245,"column":61}},"81":{"start":{"line":247,"column":10},"end":{"line":247,"column":59}},"82":{"start":{"line":251,"column":4},"end":{"line":251,"column":35}},"83":{"start":{"line":256,"column":26},"end":{"line":256,"column":62}},"84":{"start":{"line":257,"column":4},"end":{"line":257,"column":69}},"85":{"start":{"line":262,"column":4},"end":{"line":262,"column":66}},"86":{"start":{"line":267,"column":26},"end":{"line":267,"column":62}},"87":{"start":{"line":268,"column":4},"end":{"line":268,"column":64}},"88":{"start":{"line":268,"column":55},"end":{"line":268,"column":64}},"89":{"start":{"line":269,"column":4},"end":{"line":269,"column":38}},"90":{"start":{"line":274,"column":4},"end":{"line":278,"column":6}},"91":{"start":{"line":283,"column":4},"end":{"line":283,"column":23}},"92":{"start":{"line":284,"column":4},"end":{"line":284,"column":45}},"93":{"start":{"line":289,"column":4},"end":{"line":291,"column":5}},"94":{"start":{"line":290,"column":6},"end":{"line":290,"column":26}},"95":{"start":{"line":297,"column":6},"end":{"line":300,"column":51}},"96":{"start":{"line":301,"column":4},"end":{"line":301,"column":28}},"97":{"start":{"line":178,"column":0},"end":{"line":178,"column":13}},"98":{"start":{"line":180,"column":9},"end":{"line":180,"column":null}},"99":{"start":{"line":183,"column":9},"end":{"line":183,"column":null}},"100":{"start":{"line":186,"column":9},"end":{"line":186,"column":null}},"101":{"start":{"line":189,"column":9},"end":{"line":189,"column":null}},"102":{"start":{"line":192,"column":9},"end":{"line":192,"column":null}},"103":{"start":{"line":195,"column":9},"end":{"line":195,"column":null}},"104":{"start":{"line":198,"column":9},"end":{"line":198,"column":null}},"105":{"start":{"line":201,"column":9},"end":{"line":201,"column":null}},"106":{"start":{"line":204,"column":9},"end":{"line":204,"column":null}},"107":{"start":{"line":207,"column":9},"end":{"line":207,"column":null}},"108":{"start":{"line":210,"column":9},"end":{"line":210,"column":null}},"109":{"start":{"line":213,"column":9},"end":{"line":213,"column":null}},"110":{"start":{"line":216,"column":9},"end":{"line":216,"column":null}},"111":{"start":{"line":219,"column":9},"end":{"line":219,"column":null}},"112":{"start":{"line":222,"column":9},"end":{"line":222,"column":null}},"113":{"start":{"line":225,"column":9},"end":{"line":225,"column":null}},"114":{"start":{"line":228,"column":9},"end":{"line":228,"column":null}},"115":{"start":{"line":231,"column":9},"end":{"line":231,"column":null}},"116":{"start":{"line":235,"column":9},"end":{"line":235,"column":null}},"117":{"start":{"line":239,"column":9},"end":{"line":239,"column":null}},"118":{"start":{"line":310,"column":9},"end":{"line":310,"column":43}},"119":{"start":{"line":313,"column":9},"end":{"line":313,"column":47}},"120":{"start":{"line":308,"column":0},"end":{"line":308,"column":13}},"121":{"start":{"line":310,"column":9},"end":{"line":310,"column":null}},"122":{"start":{"line":313,"column":9},"end":{"line":313,"column":null}},"123":{"start":{"line":366,"column":4},"end":{"line":366,"column":12}},"124":{"start":{"line":321,"column":9},"end":{"line":321,"column":25}},"125":{"start":{"line":324,"column":9},"end":{"line":324,"column":27}},"126":{"start":{"line":327,"column":9},"end":{"line":327,"column":23}},"127":{"start":{"line":330,"column":9},"end":{"line":330,"column":23}},"128":{"start":{"line":333,"column":9},"end":{"line":333,"column":36}},"129":{"start":{"line":336,"column":9},"end":{"line":336,"column":36}},"130":{"start":{"line":339,"column":9},"end":{"line":339,"column":30}},"131":{"start":{"line":342,"column":9},"end":{"line":342,"column":33}},"132":{"start":{"line":345,"column":9},"end":{"line":345,"column":37}},"133":{"start":{"line":348,"column":9},"end":{"line":348,"column":32}},"134":{"start":{"line":351,"column":9},"end":{"line":351,"column":33}},"135":{"start":{"line":354,"column":9},"end":{"line":354,"column":33}},"136":{"start":{"line":357,"column":9},"end":{"line":357,"column":32}},"137":{"start":{"line":360,"column":9},"end":{"line":360,"column":38}},"138":{"start":{"line":363,"column":9},"end":{"line":363,"column":37}},"139":{"start":{"line":367,"column":4},"end":{"line":367,"column":21}},"140":{"start":{"line":368,"column":4},"end":{"line":368,"column":70}},"141":{"start":{"line":371,"column":4},"end":{"line":387,"column":5}},"142":{"start":{"line":373,"column":8},"end":{"line":373,"column":42}},"143":{"start":{"line":374,"column":8},"end":{"line":374,"column":31}},"144":{"start":{"line":375,"column":8},"end":{"line":375,"column":28}},"145":{"start":{"line":376,"column":8},"end":{"line":376,"column":14}},"146":{"start":{"line":378,"column":8},"end":{"line":378,"column":42}},"147":{"start":{"line":379,"column":8},"end":{"line":379,"column":32}},"148":{"start":{"line":380,"column":8},"end":{"line":380,"column":14}},"149":{"start":{"line":382,"column":8},"end":{"line":382,"column":42}},"150":{"start":{"line":383,"column":8},"end":{"line":383,"column":32}},"151":{"start":{"line":384,"column":8},"end":{"line":384,"column":28}},"152":{"start":{"line":385,"column":8},"end":{"line":385,"column":14}},"153":{"start":{"line":319,"column":0},"end":{"line":319,"column":13}},"154":{"start":{"line":321,"column":9},"end":{"line":321,"column":null}},"155":{"start":{"line":324,"column":9},"end":{"line":324,"column":null}},"156":{"start":{"line":327,"column":9},"end":{"line":327,"column":null}},"157":{"start":{"line":330,"column":9},"end":{"line":330,"column":null}},"158":{"start":{"line":333,"column":9},"end":{"line":333,"column":null}},"159":{"start":{"line":336,"column":9},"end":{"line":336,"column":null}},"160":{"start":{"line":339,"column":9},"end":{"line":339,"column":null}},"161":{"start":{"line":342,"column":9},"end":{"line":342,"column":null}},"162":{"start":{"line":345,"column":9},"end":{"line":345,"column":null}},"163":{"start":{"line":348,"column":9},"end":{"line":348,"column":null}},"164":{"start":{"line":351,"column":9},"end":{"line":351,"column":null}},"165":{"start":{"line":354,"column":9},"end":{"line":354,"column":null}},"166":{"start":{"line":357,"column":9},"end":{"line":357,"column":null}},"167":{"start":{"line":360,"column":9},"end":{"line":360,"column":null}},"168":{"start":{"line":363,"column":9},"end":{"line":363,"column":null}},"169":{"start":{"line":420,"column":4},"end":{"line":420,"column":12}},"170":{"start":{"line":393,"column":9},"end":{"line":393,"column":25}},"171":{"start":{"line":396,"column":9},"end":{"line":396,"column":27}},"172":{"start":{"line":399,"column":9},"end":{"line":399,"column":23}},"173":{"start":{"line":402,"column":9},"end":{"line":402,"column":23}},"174":{"start":{"line":405,"column":9},"end":{"line":405,"column":37}},"175":{"start":{"line":408,"column":9},"end":{"line":408,"column":35}},"176":{"start":{"line":411,"column":9},"end":{"line":411,"column":35}},"177":{"start":{"line":414,"column":9},"end":{"line":414,"column":35}},"178":{"start":{"line":417,"column":9},"end":{"line":417,"column":43}},"179":{"start":{"line":421,"column":4},"end":{"line":421,"column":75}},"180":{"start":{"line":422,"column":4},"end":{"line":422,"column":21}},"181":{"start":{"line":423,"column":4},"end":{"line":423,"column":15}},"182":{"start":{"line":424,"column":4},"end":{"line":424,"column":15}},"183":{"start":{"line":427,"column":4},"end":{"line":444,"column":5}},"184":{"start":{"line":429,"column":8},"end":{"line":429,"column":33}},"185":{"start":{"line":430,"column":8},"end":{"line":430,"column":31}},"186":{"start":{"line":431,"column":8},"end":{"line":431,"column":39}},"187":{"start":{"line":432,"column":8},"end":{"line":432,"column":14}},"188":{"start":{"line":434,"column":8},"end":{"line":434,"column":33}},"189":{"start":{"line":435,"column":8},"end":{"line":435,"column":32}},"190":{"start":{"line":436,"column":8},"end":{"line":436,"column":39}},"191":{"start":{"line":437,"column":8},"end":{"line":437,"column":14}},"192":{"start":{"line":439,"column":8},"end":{"line":439,"column":33}},"193":{"start":{"line":440,"column":8},"end":{"line":440,"column":31}},"194":{"start":{"line":441,"column":8},"end":{"line":441,"column":34}},"195":{"start":{"line":442,"column":8},"end":{"line":442,"column":14}},"196":{"start":{"line":448,"column":4},"end":{"line":448,"column":25}},"197":{"start":{"line":449,"column":4},"end":{"line":449,"column":55}},"198":{"start":{"line":453,"column":4},"end":{"line":456,"column":5}},"199":{"start":{"line":454,"column":6},"end":{"line":454,"column":28}},"200":{"start":{"line":455,"column":6},"end":{"line":455,"column":18}},"201":{"start":{"line":457,"column":4},"end":{"line":457,"column":17}},"202":{"start":{"line":391,"column":0},"end":{"line":391,"column":13}},"203":{"start":{"line":393,"column":9},"end":{"line":393,"column":null}},"204":{"start":{"line":396,"column":9},"end":{"line":396,"column":null}},"205":{"start":{"line":399,"column":9},"end":{"line":399,"column":null}},"206":{"start":{"line":402,"column":9},"end":{"line":402,"column":null}},"207":{"start":{"line":405,"column":9},"end":{"line":405,"column":38}},"208":{"start":{"line":408,"column":9},"end":{"line":408,"column":null}},"209":{"start":{"line":411,"column":9},"end":{"line":411,"column":null}},"210":{"start":{"line":414,"column":9},"end":{"line":414,"column":null}},"211":{"start":{"line":417,"column":9},"end":{"line":417,"column":null}},"212":{"start":{"line":490,"column":4},"end":{"line":490,"column":12}},"213":{"start":{"line":463,"column":9},"end":{"line":463,"column":25}},"214":{"start":{"line":466,"column":9},"end":{"line":466,"column":27}},"215":{"start":{"line":469,"column":9},"end":{"line":469,"column":29}},"216":{"start":{"line":472,"column":9},"end":{"line":472,"column":30}},"217":{"start":{"line":475,"column":9},"end":{"line":475,"column":34}},"218":{"start":{"line":478,"column":9},"end":{"line":478,"column":33}},"219":{"start":{"line":481,"column":9},"end":{"line":481,"column":37}},"220":{"start":{"line":484,"column":9},"end":{"line":484,"column":47}},"221":{"start":{"line":487,"column":9},"end":{"line":487,"column":40}},"222":{"start":{"line":491,"column":4},"end":{"line":491,"column":17}},"223":{"start":{"line":492,"column":4},"end":{"line":492,"column":21}},"224":{"start":{"line":493,"column":4},"end":{"line":493,"column":23}},"225":{"start":{"line":494,"column":4},"end":{"line":494,"column":25}},"226":{"start":{"line":497,"column":4},"end":{"line":499,"column":43}},"227":{"start":{"line":499,"column":17},"end":{"line":499,"column":41}},"228":{"start":{"line":505,"column":4},"end":{"line":507,"column":5}},"229":{"start":{"line":506,"column":6},"end":{"line":506,"column":19}},"230":{"start":{"line":510,"column":4},"end":{"line":510,"column":60}},"231":{"start":{"line":515,"column":4},"end":{"line":517,"column":5}},"232":{"start":{"line":516,"column":6},"end":{"line":516,"column":61}},"233":{"start":{"line":522,"column":4},"end":{"line":524,"column":5}},"234":{"start":{"line":523,"column":6},"end":{"line":523,"column":62}},"235":{"start":{"line":461,"column":0},"end":{"line":461,"column":13}},"236":{"start":{"line":463,"column":9},"end":{"line":463,"column":null}},"237":{"start":{"line":466,"column":9},"end":{"line":466,"column":null}},"238":{"start":{"line":469,"column":9},"end":{"line":469,"column":null}},"239":{"start":{"line":472,"column":9},"end":{"line":472,"column":null}},"240":{"start":{"line":475,"column":9},"end":{"line":475,"column":null}},"241":{"start":{"line":478,"column":9},"end":{"line":478,"column":null}},"242":{"start":{"line":481,"column":9},"end":{"line":481,"column":null}},"243":{"start":{"line":484,"column":9},"end":{"line":484,"column":null}},"244":{"start":{"line":531,"column":9},"end":{"line":531,"column":41}},"245":{"start":{"line":534,"column":9},"end":{"line":534,"column":42}},"246":{"start":{"line":529,"column":0},"end":{"line":529,"column":13}},"247":{"start":{"line":531,"column":9},"end":{"line":531,"column":null}},"248":{"start":{"line":534,"column":9},"end":{"line":534,"column":null}}},"fnMap":{"0":{"name":"(anonymous_2)","decl":{"start":{"line":44,"column":2},"end":{"line":44,"column":14}},"loc":{"start":{"line":44,"column":47},"end":{"line":48,"column":3}}},"1":{"name":"(anonymous_3)","decl":{"start":{"line":73,"column":2},"end":{"line":73,"column":null}},"loc":{"start":{"line":73,"column":2},"end":{"line":81,"column":3}}},"2":{"name":"(anonymous_4)","decl":{"start":{"line":109,"column":2},"end":{"line":109,"column":null}},"loc":{"start":{"line":116,"column":32},"end":{"line":126,"column":3}}},"3":{"name":"(anonymous_5)","decl":{"start":{"line":142,"column":2},"end":{"line":142,"column":null}},"loc":{"start":{"line":142,"column":2},"end":{"line":147,"column":3}}},"4":{"name":"(anonymous_6)","decl":{"start":{"line":169,"column":2},"end":{"line":169,"column":null}},"loc":{"start":{"line":169,"column":2},"end":{"line":172,"column":3}}},"5":{"name":"(anonymous_7)","decl":{"start":{"line":249,"column":2},"end":{"line":249,"column":null}},"loc":{"start":{"line":249,"column":2},"end":{"line":252,"column":3}}},"6":{"name":"(anonymous_8)","decl":{"start":{"line":255,"column":2},"end":{"line":255,"column":14}},"loc":{"start":{"line":255,"column":33},"end":{"line":258,"column":3}}},"7":{"name":"(anonymous_9)","decl":{"start":{"line":261,"column":2},"end":{"line":261,"column":13}},"loc":{"start":{"line":261,"column":52},"end":{"line":263,"column":3}}},"8":{"name":"(anonymous_10)","decl":{"start":{"line":266,"column":2},"end":{"line":266,"column":22}},"loc":{"start":{"line":266,"column":41},"end":{"line":270,"column":3}}},"9":{"name":"(anonymous_11)","decl":{"start":{"line":273,"column":2},"end":{"line":273,"column":16}},"loc":{"start":{"line":273,"column":16},"end":{"line":279,"column":3}}},"10":{"name":"(anonymous_12)","decl":{"start":{"line":282,"column":2},"end":{"line":282,"column":9}},"loc":{"start":{"line":282,"column":28},"end":{"line":285,"column":3}}},"11":{"name":"(anonymous_13)","decl":{"start":{"line":288,"column":2},"end":{"line":288,"column":18}},"loc":{"start":{"line":288,"column":18},"end":{"line":292,"column":3}}},"12":{"name":"(anonymous_14)","decl":{"start":{"line":295,"column":2},"end":{"line":295,"column":16}},"loc":{"start":{"line":295,"column":16},"end":{"line":302,"column":3}}},"13":{"name":"(anonymous_15)","decl":{"start":{"line":308,"column":0},"end":{"line":308,"column":13}},"loc":{"start":{"line":308,"column":0},"end":{"line":314,"column":1}}},"14":{"name":"(anonymous_16)","decl":{"start":{"line":365,"column":2},"end":{"line":365,"column":14}},"loc":{"start":{"line":365,"column":26},"end":{"line":388,"column":3}}},"15":{"name":"(anonymous_17)","decl":{"start":{"line":419,"column":2},"end":{"line":419,"column":14}},"loc":{"start":{"line":419,"column":48},"end":{"line":445,"column":3}}},"16":{"name":"(anonymous_18)","decl":{"start":{"line":447,"column":2},"end":{"line":447,"column":9}},"loc":{"start":{"line":447,"column":9},"end":{"line":450,"column":3}}},"17":{"name":"(anonymous_19)","decl":{"start":{"line":452,"column":2},"end":{"line":452,"column":14}},"loc":{"start":{"line":452,"column":14},"end":{"line":458,"column":3}}},"18":{"name":"(anonymous_20)","decl":{"start":{"line":489,"column":2},"end":{"line":489,"column":14}},"loc":{"start":{"line":489,"column":65},"end":{"line":500,"column":3}}},"19":{"name":"(anonymous_21)","decl":{"start":{"line":499,"column":11},"end":{"line":499,"column":14}},"loc":{"start":{"line":499,"column":17},"end":{"line":499,"column":41}}},"20":{"name":"(anonymous_22)","decl":{"start":{"line":503,"column":2},"end":{"line":503,"column":12}},"loc":{"start":{"line":503,"column":33},"end":{"line":511,"column":3}}},"21":{"name":"(anonymous_23)","decl":{"start":{"line":514,"column":2},"end":{"line":514,"column":14}},"loc":{"start":{"line":514,"column":35},"end":{"line":518,"column":3}}},"22":{"name":"(anonymous_24)","decl":{"start":{"line":521,"column":2},"end":{"line":521,"column":17}},"loc":{"start":{"line":521,"column":38},"end":{"line":525,"column":3}}},"23":{"name":"(anonymous_25)","decl":{"start":{"line":529,"column":0},"end":{"line":529,"column":13}},"loc":{"start":{"line":529,"column":0},"end":{"line":535,"column":1}}}},"branchMap":{"0":{"loc":{"start":{"line":44,"column":14},"end":{"line":44,"column":31}},"type":"default-arg","locations":[{"start":{"line":44,"column":30},"end":{"line":44,"column":31}}]},"1":{"loc":{"start":{"line":44,"column":33},"end":{"line":44,"column":47}},"type":"default-arg","locations":[{"start":{"line":44,"column":46},"end":{"line":44,"column":47}}]},"2":{"loc":{"start":{"line":110,"column":4},"end":{"line":110,"column":23}},"type":"default-arg","locations":[{"start":{"line":110,"column":21},"end":{"line":110,"column":23}}]},"3":{"loc":{"start":{"line":111,"column":4},"end":{"line":111,"column":21}},"type":"default-arg","locations":[{"start":{"line":111,"column":19},"end":{"line":111,"column":21}}]},"4":{"loc":{"start":{"line":112,"column":4},"end":{"line":112,"column":28}},"type":"default-arg","locations":[{"start":{"line":112,"column":26},"end":{"line":112,"column":28}}]},"5":{"loc":{"start":{"line":113,"column":4},"end":{"line":113,"column":24}},"type":"default-arg","locations":[{"start":{"line":113,"column":23},"end":{"line":113,"column":24}}]},"6":{"loc":{"start":{"line":114,"column":4},"end":{"line":114,"column":22}},"type":"default-arg","locations":[{"start":{"line":114,"column":21},"end":{"line":114,"column":22}}]},"7":{"loc":{"start":{"line":115,"column":4},"end":{"line":115,"column":23}},"type":"default-arg","locations":[{"start":{"line":115,"column":22},"end":{"line":115,"column":23}}]},"8":{"loc":{"start":{"line":116,"column":4},"end":{"line":116,"column":32}},"type":"default-arg","locations":[{"start":{"line":116,"column":27},"end":{"line":116,"column":32}}]},"9":{"loc":{"start":{"line":257,"column":11},"end":{"line":257,"column":68}},"type":"binary-expr","locations":[{"start":{"line":257,"column":11},"end":{"line":257,"column":38}},{"start":{"line":257,"column":42},"end":{"line":257,"column":68}}]},"10":{"loc":{"start":{"line":268,"column":4},"end":{"line":268,"column":64}},"type":"if","locations":[{"start":{"line":268,"column":4},"end":{"line":268,"column":64}}]},"11":{"loc":{"start":{"line":268,"column":8},"end":{"line":268,"column":53}},"type":"binary-expr","locations":[{"start":{"line":268,"column":8},"end":{"line":268,"column":22}},{"start":{"line":268,"column":26},"end":{"line":268,"column":53}}]},"12":{"loc":{"start":{"line":289,"column":4},"end":{"line":291,"column":5}},"type":"if","locations":[{"start":{"line":289,"column":4},"end":{"line":291,"column":5}}]},"13":{"loc":{"start":{"line":289,"column":8},"end":{"line":289,"column":51}},"type":"binary-expr","locations":[{"start":{"line":289,"column":8},"end":{"line":289,"column":19}},{"start":{"line":289,"column":23},"end":{"line":289,"column":51}}]},"14":{"loc":{"start":{"line":371,"column":4},"end":{"line":387,"column":5}},"type":"switch","locations":[{"start":{"line":372,"column":6},"end":{"line":376,"column":14}},{"start":{"line":377,"column":6},"end":{"line":380,"column":14}},{"start":{"line":381,"column":6},"end":{"line":385,"column":14}}]},"15":{"loc":{"start":{"line":427,"column":4},"end":{"line":444,"column":5}},"type":"switch","locations":[{"start":{"line":428,"column":6},"end":{"line":432,"column":14}},{"start":{"line":433,"column":6},"end":{"line":437,"column":14}},{"start":{"line":438,"column":6
[...]
"start":{"line":53,"column":26},"end":{"line":68,"column":8}},"23":{"start":{"line":70,"column":6},"end":{"line":70,"column":73}},"24":{"start":{"line":72,"column":22},"end":{"line":72,"column":54}},"25":{"start":{"line":74,"column":6},"end":{"line":74,"column":38}},"26":{"start":{"line":75,"column":6},"end":{"line":75,"column":46}},"27":{"start":{"line":76,"column":6},"end":{"line":76,"column":52}},"28":{"start":{"line":77,"column":6},"end":{"line":77,"column":49}},"29":{"start":{"line":80,"column":4},"end":{"line":96,"column":7}},"30":{"start":{"line":81,"column":25},"end":{"line":87,"column":8}},"31":{"start":{"line":89,"column":6},"end":{"line":89,"column":74}},"32":{"start":{"line":91,"column":21},"end":{"line":91,"column":53}},"33":{"start":{"line":93,"column":6},"end":{"line":93,"column":45}},"34":{"start":{"line":94,"column":6},"end":{"line":94,"column":59}},"35":{"start":{"line":95,"column":6},"end":{"line":95,"column":68}},"36":{"start":{"line":98,"column":4},"end":{"line":118,"column":7}},"37":{"start":{"line":99,"column":24},"end":{"line":103,"column":8}},"38":{"start":{"line":105,"column":27},"end":{"line":109,"column":8}},"39":{"start":{"line":111,"column":6},"end":{"line":111,"column":75}},"40":{"start":{"line":113,"column":21},"end":{"line":113,"column":64}},"41":{"start":{"line":115,"column":6},"end":{"line":115,"column":45}},"42":{"start":{"line":116,"column":6},"end":{"line":116,"column":61}},"43":{"start":{"line":117,"column":6},"end":{"line":117,"column":50}},"44":{"start":{"line":121,"column":2},"end":{"line":173,"column":5}},"45":{"start":{"line":122,"column":4},"end":{"line":152,"column":7}},"46":{"start":{"line":123,"column":24},"end":{"line":142,"column":8}},"47":{"start":{"line":144,"column":6},"end":{"line":144,"column":69}},"48":{"start":{"line":146,"column":20},"end":{"line":146,"column":50}},"49":{"start":{"line":148,"column":6},"end":{"line":148,"column":36}},"50":{"start":{"line":149,"column":6},"end":{"line":149,"column":44}},"51":{"start":{"line":150,"column":6},"end":{"line":150,"column":46}},"52":{"start":{"line":151,"column":6},"end":{"line":151,"column":52}},"53":{"start":{"line":154,"column":4},"end":{"line":172,"column":7}},"54":{"start":{"line":155,"column":23},"end":{"line":163,"column":8}},"55":{"start":{"line":165,"column":6},"end":{"line":165,"column":70}},"56":{"start":{"line":167,"column":19},"end":{"line":167,"column":49}},"57":{"start":{"line":169,"column":6},"end":{"line":169,"column":43}},"58":{"start":{"line":170,"column":6},"end":{"line":170,"column":51}},"59":{"start":{"line":171,"column":6},"end":{"line":171,"column":53}},"60":{"start":{"line":175,"column":2},"end":{"line":215,"column":5}},"61":{"start":{"line":176,"column":4},"end":{"line":190,"column":7}},"62":{"start":{"line":177,"column":28},"end":{"line":180,"column":8}},"63":{"start":{"line":182,"column":6},"end":{"line":182,"column":87}},"64":{"start":{"line":184,"column":24},"end":{"line":184,"column":65}},"65":{"start":{"line":186,"column":6},"end":{"line":186,"column":40}},"66":{"start":{"line":187,"column":6},"end":{"line":187,"column":58}},"67":{"start":{"line":188,"column":6},"end":{"line":188,"column":53}},"68":{"start":{"line":189,"column":6},"end":{"line":189,"column":54}},"69":{"start":{"line":192,"column":4},"end":{"line":214,"column":7}},"70":{"start":{"line":193,"column":22},"end":{"line":197,"column":8}},"71":{"start":{"line":199,"column":27},"end":{"line":203,"column":8}},"72":{"start":{"line":205,"column":6},"end":{"line":205,"column":87}},"73":{"start":{"line":207,"column":28},"end":{"line":207,"column":76}},"74":{"start":{"line":209,"column":6},"end":{"line":209,"column":52}},"75":{"start":{"line":210,"column":6},"end":{"line":210,"column":59}},"76":{"start":{"line":211,"column":6},"end":{"line":211,"column":57}},"77":{"start":{"line":212,"column":6},"end":{"line":212,"column":58}},"78":{"start":{"line":213,"column":6},"end":{"line":213,"column":58}},"79":{"start":{"line":217,"column":2},"end":{"line":242,"column":5}},"80":{"start":{"line":218,"column":4},"end":{"line":241,"column":7}},"81":{"start":{"line":219,"column":25},"end":{"line":228,"column":8}},"82":{"start":{"line":230,"column":6},"end":{"line":233,"column":9}},"83":{"start":{"line":231,"column":8},"end":{"line":231,"column":66}},"84":{"start":{"line":232,"column":8},"end":{"line":232,"column":33}},"85":{"start":{"line":235,"column":21},"end":{"line":235,"column":73}},"86":{"start":{"line":237,"column":6},"end":{"line":237,"column":37}},"87":{"start":{"line":238,"column":6},"end":{"line":238,"column":48}},"88":{"start":{"line":239,"column":6},"end":{"line":239,"column":60}},"89":{"start":{"line":240,"column":6},"end":{"line":240,"column":46}},"90":{"start":{"line":244,"column":2},"end":{"line":272,"column":5}},"91":{"start":{"line":245,"column":4},"end":{"line":271,"column":7}},"92":{"start":{"line":246,"column":25},"end":{"line":258,"column":8}},"93":{"start":{"line":260,"column":6},"end":{"line":263,"column":9}},"94":{"start":{"line":261,"column":8},"end":{"line":261,"column":67}},"95":{"start":{"line":262,"column":8},"end":{"line":262,"column":33}},"96":{"start":{"line":265,"column":21},"end":{"line":265,"column":87}},"97":{"start":{"line":267,"column":6},"end":{"line":267,"column":37}},"98":{"start":{"line":268,"column":6},"end":{"line":268,"column":48}},"99":{"start":{"line":269,"column":6},"end":{"line":269,"column":61}},"100":{"start":{"line":270,"column":6},"end":{"line":270,"column":62}}},"fnMap":{"0":{"name":"(anonymous_1)","decl":{"start":{"line":15,"column":26},"end":{"line":15,"column":29}},"loc":{"start":{"line":15,"column":31},"end":{"line":273,"column":1}}},"1":{"name":"(anonymous_2)","decl":{"start":{"line":18,"column":13},"end":{"line":18,"column":16}},"loc":{"start":{"line":18,"column":18},"end":{"line":22,"column":3}}},"2":{"name":"(anonymous_3)","decl":{"start":{"line":24,"column":12},"end":{"line":24,"column":15}},"loc":{"start":{"line":24,"column":17},"end":{"line":26,"column":3}}},"3":{"name":"(anonymous_4)","decl":{"start":{"line":28,"column":27},"end":{"line":28,"column":30}},"loc":{"start":{"line":28,"column":32},"end":{"line":49,"column":3}}},"4":{"name":"(anonymous_5)","decl":{"start":{"line":29,"column":38},"end":{"line":29,"column":43}},"loc":{"start":{"line":29,"column":49},"end":{"line":41,"column":5}}},"5":{"name":"(anonymous_6)","decl":{"start":{"line":43,"column":56},"end":{"line":43,"column":61}},"loc":{"start":{"line":43,"column":67},"end":{"line":48,"column":5}}},"6":{"name":"(anonymous_7)","decl":{"start":{"line":51,"column":29},"end":{"line":51,"column":32}},"loc":{"start":{"line":51,"column":34},"end":{"line":119,"column":3}}},"7":{"name":"(anonymous_8)","decl":{"start":{"line":52,"column":39},"end":{"line":52,"column":44}},"loc":{"start":{"line":52,"column":50},"end":{"line":78,"column":5}}},"8":{"name":"(anonymous_9)","decl":{"start":{"line":80,"column":36},"end":{"line":80,"column":41}},"loc":{"start":{"line":80,"column":47},"end":{"line":96,"column":5}}},"9":{"name":"(anonymous_10)","decl":{"start":{"line":98,"column":37},"end":{"line":98,"column":42}},"loc":{"start":{"line":98,"column":48},"end":{"line":118,"column":5}}},"10":{"name":"(anonymous_11)","decl":{"start":{"line":121,"column":27},"end":{"line":121,"column":30}},"loc":{"start":{"line":121,"column":32},"end":{"line":173,"column":3}}},"11":{"name":"(anonymous_12)","decl":{"start":{"line":122,"column":37},"end":{"line":122,"column":42}},"loc":{"start":{"line":122,"column":48},"end":{"line":152,"column":5}}},"12":{"name":"(anonymous_13)","decl":{"start":{"line":154,"column":35},"end":{"line":154,"column":40}},"loc":{"start":{"line":154,"column":46},"end":{"line":172,"column":5}}},"13":{"name":"(anonymous_14)","decl":{"start":{"line":175,"column":32},"end":{"line":175,"column":35}},"loc":{"start":{"line":175,"column":37},"end":{"line":215,"column":3}}},"14":{"name":"(anonymous_15)","decl":{"start":{"line":176,"column":42},"end":{"line":176,"column":47}},"loc":{"start":{"line":176,"column":53},"end":{"line":190,"column":5}}},"15":{"name":"(anonymous_16)","decl":{"start":{"line":192,"column":53},"end":{"line":192,"column":58}},"loc":{"start":{"line":192,"column":64},"end":{"line":214,"column":5}}},"16":{"name":"(anonymous_17)","decl":{"start":{"line":217,"column":28},"end":{"line":217,"column":31}},"loc":{"start":{"line":217,"column":33},"end":{"line":242,"column":3}}},"17":{"name":"(anonymous_18)","decl":{"start":{"line":218,"column":41},"end":{"line":218,"column":46}},"loc":{"start":{"line":218,"column":52},"end":{"line":241,"column":5}}},"18":{"name":"(anonymous_19)","decl":{"start":{"line":230,"column":54},"end":{"line":230,"column":60}},"loc":{"start":{"line":230,"column":63},"end":{"line":233,"column":7}}},"19":{"name":"(anonymous_20)","decl":{"start":{"line":244,"column":37},"end":{"line":244,"column":40}},"loc":{"start":{"line":244,"column":42},"end":{"line":272,"column":3}}},"20":{"name":"(anonymous_21)","decl":{"start":{"line":245,"column":43},"end":{"line":245,"column":48}},"loc":{"start":{"line":245,"column":54},"end":{"line":271,"column":5}}},"21":{"name":"(anonymous_22)","decl":{"start":{"line":260,"column":69},"end":{"line":260,"column":75}},"loc":{"start":{"line":260,"column":78},"end":{"line":263,"column":7}}}},"branchMap":{},"s":{"0":0,"1":0,"2":0,"3":0,"4":0,"5":0,"6":0,"7":0,"8":0,"9":0,"10":0,"11":0,"12":0,"13":0,"14":0,"15":0,"16":0,"17":0,"18":0,"19":0,"20":0,"21":0,"22":0,"23":0,"24":0,"25":0,"26":0,"27":0,"28":0,"29":0,"30":0,"31":0,"32":0,"33":0,"34":0,"35":0,"36":0,"37":0,"38":0,"39":0,"40":0,"41":0,"42":0,"43":0,"44":0,"45":0,"46":0,"47":0,"48":0,"49":0,"50":0,"51":0,"52":0,"53":0,"54":0,"55":0,"56":0,"57":0,"58":0,"59":0,"60":0,"61":0,"62":0,"63":0,"64":0,"65":0,"66":0,"67":0,"68":0,"69":0,"70":0,"71":0,"72":0,"73":0,"74":0,"75":0,"76":0,"77":0,"78":0,"79":0,"80":0,"81":0,"82":0,"83":0,"84":0,"85":0,"86":0,"87":0,"88":0,"89":0,"90":0,"91":0,"92":0,"93":0,"94":0,"95":0,"96":0,"97":0,"98":0,"99":0,"100":0},"f":{"0":0,"1":0,"2":0,"3":0,"4":0,"5":0,"6":0,"7":0,"8":0,"9":0,"10":0,"11":0,"12":0,"13":0,"14":0,"15":0,"16":0,"17":0,"18":0,"19":0,"20":0,"21":0},"b":{}}
,"C:\\Users\\aggis\\GitHub\\runerogue\\src\\services\\economy-client.ts": {"path":"C:\\Users\\aggis\\GitHub\\runerogue\\src\\services\\economy-client.ts","statementMap":{"0":{"start":{"line":9,"column":0},"end":{"line":9,"column":77}},"1":{"start":{"line":10,"column":0},"end":{"line":10,"column":30}},"2":{"start":{"line":11,"column":0},"end":{"line":11,"column":35}},"3":{"start":{"line":102,"column":4},"end":{"line":102,"column":84}},"4":{"start":{"line":105,"column":4},"end":{"line":118,"column":7}},"5":{"start":{"line":121,"column":4},"end":{"line":134,"column":6}},"6":{"start":{"line":122,"column":18},"end":{"line":122,"column":26}},"7":{"start":{"line":124,"column":8},"end":{"line":124,"column":59}},"8":{"start":{"line":127,"column":8},"end":{"line":130,"column":9}},"9":{"start":{"line":128,"column":10},"end":{"line":128,"column":58}},"10":{"start":{"line":129,"column":10},"end":{"line":129,"column":54}},"11":{"start":{"line":132,"column":8},"end":{"line":132,"column":37}},"12":{"start":{"line":141,"column":21},"end":{"line":141,"column":53}},"13":{"start":{"line":142,"column":4},"end":{"line":142,"column":25}},"14":{"start":{"line":151,"column":21},"end":{"line":151,"column":75}},"15":{"start":{"line":152,"column":4},"end":{"line":152,"column":25}},"16":{"start":{"line":159,"column":21},"end":{"line":159,"column":66}},"17":{"start":{"line":160,"column":4},"end":{"line":160,"column":25}},"18":{"start":{"line":167,"column":21},"end":{"line":167,"column":63}},"19":{"start":{"line":168,"column":4},"end":{"line":168,"column":25}},"20":{"start":{"line":177,"column":21},"end":{"line":177,"column":73}},"21":{"start":{"line":178,"column":4},"end":{"line":178,"column":25}},"22":{"start":{"line":185,"column":21},"end":{"line":185,"column":62}},"23":{"start":{"line":186,"column":4},"end":{"line":186,"column":25}},"24":{"start":{"line":193,"column":21},"end":{"line":193,"column":59}},"25":{"start":{"line":194,"column":4},"end":{"line":194,"column":25}},"26":{"start":{"line":203,"column":21},"end":{"line":203,"column":76}},"27":{"start":{"line":204,"column":4},"end":{"line":204,"column":25}},"28":{"start":{"line":214,"column":21},"end":{"line":214,"column":92}},"29":{"start":{"line":215,"column":4},"end":{"line":215,"column":25}},"30":{"start":{"line":224,"column":21},"end":{"line":224,"column":74}},"31":{"start":{"line":225,"column":4},"end":{"line":225,"column":25}},"32":{"start":{"line":241,"column":21},"end":{"line":241,"column":61}},"33":{"start":{"line":242,"column":4},"end":{"line":242,"column":25}},"34":{"start":{"line":252,"column":21},"end":{"line":252,"column":78}},"35":{"start":{"line":253,"column":4},"end":{"line":253,"column":25}},"36":{"start":{"line":266,"column":21},"end":{"line":266,"column":89}},"37":{"start":{"line":267,"column":4},"end":{"line":267,"column":25}},"38":{"start":{"line":280,"column":21},"end":{"line":280,"column":76}},"39":{"start":{"line":281,"column":4},"end":{"line":281,"column":25}},"40":{"start":{"line":288,"column":21},"end":{"line":290,"column":6}},"41":{"start":{"line":291,"column":4},"end":{"line":291,"column":25}},"42":{"start":{"line":91,"column":0},"end":{"line":91,"column":13}},"43":{"start":{"line":296,"column":0},"end":{"line":296,"column":35}}},"fnMap":{"0":{"name":"(anonymous_1)","decl":{"start":{"line":101,"column":2},"end":{"line":101,"column":14}},"loc":{"start":{"line":101,"column":50},"end":{"line":135,"column":3}}},"1":{"name":"(anonymous_2)","decl":{"start":{"line":122,"column":6},"end":{"line":122,"column":14}},"loc":{"start":{"line":122,"column":18},"end":{"line":122,"column":26}}},"2":{"name":"(anonymous_3)","decl":{"start":{"line":123,"column":6},"end":{"line":123,"column":7}},"loc":{"start":{"line":123,"column":28},"end":{"line":133,"column":7}}},"3":{"name":"(anonymous_4)","decl":{"start":{"line":140,"column":2},"end":{"line":140,"column":7}},"loc":{"start":{"line":140,"column":19},"end":{"line":143,"column":3}}},"4":{"name":"(anonymous_5)","decl":{"start":{"line":150,"column":2},"end":{"line":150,"column":7}},"loc":{"start":{"line":150,"column":45},"end":{"line":153,"column":3}}},"5":{"name":"(anonymous_6)","decl":{"start":{"line":158,"column":2},"end":{"line":158,"column":7}},"loc":{"start":{"line":158,"column":34},"end":{"line":161,"column":3}}},"6":{"name":"(anonymous_7)","decl":{"start":{"line":166,"column":2},"end":{"line":166,"column":7}},"loc":{"start":{"line":166,"column":77},"end":{"line":169,"column":3}}},"7":{"name":"(anonymous_8)","decl":{"start":{"line":176,"column":2},"end":{"line":176,"column":7}},"loc":{"start":{"line":176,"column":43},"end":{"line":179,"column":3}}},"8":{"name":"(anonymous_9)","decl":{"start":{"line":184,"column":2},"end":{"line":184,"column":7}},"loc":{"start":{"line":184,"column":30},"end":{"line":187,"column":3}}},"9":{"name":"(anonymous_10)","decl":{"start":{"line":192,"column":2},"end":{"line":192,"column":7}},"loc":{"start":{"line":192,"column":56},"end":{"line":195,"column":3}}},"10":{"name":"(anonymous_11)","decl":{"start":{"line":202,"column":2},"end":{"line":202,"column":7}},"loc":{"start":{"line":202,"column":43},"end":{"line":205,"column":3}}},"11":{"name":"(anonymous_12)","decl":{"start":{"line":210,"column":2},"end":{"line":210,"column":7}},"loc":{"start":{"line":212,"column":60},"end":{"line":216,"column":3}}},"12":{"name":"(anonymous_13)","decl":{"start":{"line":223,"column":2},"end":{"line":223,"column":7}},"loc":{"start":{"line":223,"column":71},"end":{"line":226,"column":3}}},"13":{"name":"(anonymous_14)","decl":{"start":{"line":231,"column":2},"end":{"line":231,"column":7}},"loc":{"start":{"line":240,"column":3},"end":{"line":243,"column":3}}},"14":{"name":"(anonymous_15)","decl":{"start":{"line":248,"column":2},"end":{"line":248,"column":7}},"loc":{"start":{"line":250,"column":49},"end":{"line":254,"column":3}}},"15":{"name":"(anonymous_16)","decl":{"start":{"line":259,"column":2},"end":{"line":259,"column":7}},"loc":{"start":{"line":264,"column":10},"end":{"line":268,"column":3}}},"16":{"name":"(anonymous_17)","decl":{"start":{"line":273,"column":2},"end":{"line":273,"column":7}},"loc":{"start":{"line":279,"column":3},"end":{"line":282,"column":3}}},"17":{"name":"(anonymous_18)","decl":{"start":{"line":287,"column":2},"end":{"line":287,"column":7}},"loc":{"start":{"line":287,"column":57},"end":{"line":292,"column":3}}}},"branchMap":{"0":{"loc":{"start":{"line":102,"column":19},"end":{"line":102,"column":83}},"type":"binary-expr","locations":[{"start":{"line":102,"column":19},"end":{"line":102,"column":26}},{"start":{"line":102,"column":30},"end":{"line":102,"column":56}},{"start":{"line":102,"column":60},"end":{"line":102,"column":83}}]},"1":{"loc":{"start":{"line":102,"column":30},"end":{"line":102,"column":56}},"type":"cond-expr","locations":[{"start":{"line":102,"column":47},"end":{"line":102,"column":49}},{"start":{"line":102,"column":47},"end":{"line":102,"column":56}}]},"2":{"loc":{"start":{"line":102,"column":30},"end":{"line":102,"column":49}},"type":"binary-expr","locations":[{"start":{"line":102,"column":30},"end":{"line":102,"column":49}},{"start":{"line":102,"column":47},"end":{"line":102,"column":49}}]},"3":{"loc":{"start":{"line":107,"column":15},"end":{"line":107,"column":50}},"type":"binary-expr","locations":[{"start":{"line":107,"column":15},"end":{"line":107,"column":41}},{"start":{"line":107,"column":45},"end":{"line":107,"column":50}}]},"4":{"loc":{"start":{"line":107,"column":15},"end":{"line":107,"column":41}},"type":"cond-expr","locations":[{"start":{"line":107,"column":32},"end":{"line":107,"column":34}},{"start":{"line":107,"column":32},"end":{"line":107,"column":41}}]},"5":{"loc":{"start":{"line":107,"column":15},"end":{"line":107,"column":34}},"type":"binary-expr","locations":[{"start":{"line":107,"column":15},"end":{"line":107,"column":34}},{"start":{"line":107,"column":32},"end":{"line":107,"column":34}}]},"6":{"loc":{"start":{"line":110,"column":12},"end":{"line":110,"column":65}},"type":"binary-expr","locations":[{"start":{"line":110,"column":12},"end":{"line":110,"column":21}},{"start":{"line":110,"column":25},"end":{"line":110,"column":65}}]},"7":{"loc":{"start":{"line":113,"column":10},"end":{"line":117,"column":8}},"type":"binary-expr","locations":[{"start":{"line":113,"column":10},"end":{"line":113,"column":47}},{"start":{"line":113,"column":51},"end":{"line":117,"column":8}}]},"8":{"loc":{"start":{"line":127,"column":8},"end":{"line":130,"column":9}},"type":"if","locations":[{"start":{"line":127,"column":8},"end":{"line":130,"column":9}}]},"9":{"loc":{"start":{"line":150,"column":19},"end":{"line":150,"column":45}},"type":"default-arg","locations":[{"start":{"line":150,"column":43},"end":{"line":150,"column":45}}]},"10":{"loc":{"start":{"line":176,"column":17},"end":{"line":176,"column":43}},"type":"default-arg","locations":[{"start":{"line":176,"column":41},"end":{"line":176,"column":43}}]},"11":{"loc":{"start":{"line":223,"column":18},"end":{"line":223,"column":71}},"type":"default-arg","locations":[{"start":{"line":223,"column":69},"end":{"line":223,"column":71}}]},"12":{"loc":{"start":{"line":260,"column":4},"end":{"line":264,"column":10}},"type":"default-arg","locations":[{"start":{"line":264,"column":8},"end":{"line":264,"column":10}}]}},"s":{"0":0,"1":0,"2":0,"3":0,"4":0,"5":0,"6":0,"7":0,"8":0,"9":0,"10":0,"11":0,"12":0,"13":0,"14":0,"15":0,"16":0,"17":0,"18":0,"19":0,"20":0,"21":0,"22":0,"23":0,"24":0,"25":0,"26":0,"27":0,"28":0,"29":0,"30":0,"31":0,"32":0,"33":0,"34":0,"35":0,"36":0,"37":0,"38":0,"39":0,"40":0,"41":0,"42":0,"43":0},"f":{"0":0,"1":0,"2":0,"3":0,"4":0,"5":0,"6":0,"7":0,"8":0,"9":0,"10":0,"11":0,"12":0,"13":0,"14":0,"15":0,"16":0,"17":0},"b":{"0":[0,0,0],"1":[0,0],"2":[0,0],"3":[0,0],"4":[0,0],"5":[0,0],"6":[0,0],"7":[0,0],"8":[0],"9":[0],"10":[0],"11":[0],"12":[0]}}
}
