TN:
SF:src\config.ts
FNF:0
FNH:0
DA:10,0
DA:11,0
DA:14,0
DA:15,0
DA:16,0
DA:17,0
DA:20,0
DA:74,0
LF:8
LH:0
BRDA:14,0,0,0
BRDA:14,0,1,0
BRDA:23,1,0,0
BRDA:23,1,1,0
BRDA:24,2,0,0
BRDA:24,2,1,0
BRDA:29,3,0,0
BRDA:29,3,1,0
BRDA:29,4,0,0
BRDA:29,4,1,0
BRDA:29,5,0,0
BRDA:29,5,1,0
BRDA:34,6,0,0
BRDA:34,6,1,0
BRDA:35,7,0,0
BRDA:35,7,1,0
BRDA:36,8,0,0
BRDA:36,8,1,0
BRDA:37,9,0,0
BRDA:37,9,1,0
BRDA:38,10,0,0
BRDA:38,10,1,0
BRDA:45,11,0,0
BRDA:45,11,1,0
BRDA:46,12,0,0
BRDA:46,12,1,0
BRDA:48,13,0,0
BRDA:48,13,1,0
BRDA:49,14,0,0
BRDA:49,14,1,0
BRDA:54,15,0,0
BRDA:54,15,1,0
BRDA:55,16,0,0
BRDA:55,16,1,0
BRDA:62,17,0,0
BRDA:62,17,1,0
BRDA:63,18,0,0
BRDA:63,18,1,0
BRDA:68,19,0,0
BRDA:68,19,1,0
BRDA:68,20,0,0
BRDA:68,20,1,0
BRF:42
BRH:0
end_of_record
TN:
SF:src\server\app.config.ts
FN:5,(anonymous_0)
FNF:1
FNH:1
FNDA:8,(anonymous_0)
DA:1,1
DA:4,1
DA:6,8
DA:10,1
LF:4
LH:4
BRF:0
BRH:0
end_of_record
TN:
SF:src\server\economy-integration.ts
FN:42,(anonymous_10)
FN:59,(anonymous_11)
FN:81,(anonymous_12)
FN:91,(anonymous_13)
FN:127,(anonymous_14)
FN:148,(anonymous_15)
FN:173,(anonymous_16)
FN:194,(anonymous_17)
FN:223,(anonymous_18)
FN:253,(anonymous_19)
FNF:10
FNH:8
FNDA:1,(anonymous_10)
FNDA:3,(anonymous_11)
FNDA:2,(anonymous_12)
FNDA:1,(anonymous_13)
FNDA:1,(anonymous_14)
FNDA:1,(anonymous_15)
FNDA:1,(anonymous_16)
FNDA:0,(anonymous_17)
FNDA:0,(anonymous_18)
FNDA:2,(anonymous_19)
DA:13,1
DA:14,1
DA:22,1
DA:23,1
DA:26,1
DA:37,1
DA:40,1
DA:44,1
DA:47,1
DA:53,1
DA:60,3
DA:61,3
DA:62,3
DA:63,0
DA:65,0
DA:66,0
DA:67,0
DA:69,0
DA:70,0
DA:73,3
DA:74,3
DA:82,2
DA:83,2
DA:85,2
DA:92,1
DA:93,1
DA:95,1
DA:96,0
DA:99,1
DA:101,1
DA:103,0
DA:104,0
DA:105,0
DA:106,0
DA:110,0
DA:116,0
DA:117,0
DA:119,1
DA:120,1
DA:128,1
DA:129,1
DA:131,1
DA:132,0
DA:135,1
DA:136,1
DA:137,0
DA:138,0
DA:140,1
DA:141,1
DA:153,1
DA:154,1
DA:161,0
DA:163,0
DA:165,1
DA:166,1
DA:174,1
DA:175,1
DA:177,1
DA:178,0
DA:181,1
DA:182,1
DA:183,1
DA:184,1
DA:186,0
DA:187,0
DA:203,0
DA:204,0
DA:206,0
DA:207,0
DA:210,0
DA:211,0
DA:212,0
DA:213,0
DA:215,0
DA:216,0
DA:233,0
DA:234,0
DA:240,0
DA:242,0
DA:246,0
DA:254,2
DA:255,2
DA:257,2
DA:258,1
DA:261,1
DA:262,1
DA:265,1
DA:266,1
DA:274,1
LF:89
LH:52
BRDA:44,0,0,0
BRDA:44,0,1,1
BRDA:65,1,0,0
BRDA:65,1,1,0
BRDA:82,2,0,2
BRDA:95,3,0,0
BRDA:103,4,0,0
BRDA:131,5,0,0
BRDA:151,6,0,0
BRDA:177,7,0,0
BRDA:195,8,0,0
BRDA:206,9,0,0
BRDA:257,10,0,1
BRDA:257,10,1,1
BRDA:257,11,0,2
BRDA:257,11,1,2
BRF:16
BRH:6
end_of_record
TN:
SF:src\server\auth\middleware.ts
FN:37,(anonymous_1)
FN:44,(anonymous_2)
FN:53,(anonymous_3)
FN:67,(anonymous_4)
FNF:4
FNH:0
FNDA:0,(anonymous_1)
FNDA:0,(anonymous_2)
FNDA:0,(anonymous_3)
FNDA:0,(anonymous_4)
DA:2,0
DA:15,0
DA:37,0
DA:38,0
DA:44,0
DA:45,0
DA:46,0
DA:48,0
DA:49,0
DA:50,0
DA:53,0
DA:54,0
DA:55,0
DA:56,0
DA:59,0
DA:60,0
DA:63,0
DA:67,0
DA:74,0
DA:77,0
DA:78,0
DA:82,0
DA:85,0
DA:92,0
LF:24
LH:0
BRDA:15,0,0,0
BRDA:15,0,1,0
BRDA:46,1,0,0
BRDA:46,1,1,0
BRDA:46,2,0,0
BRDA:46,2,1,0
BRDA:48,3,0,0
BRDA:54,4,0,0
BRDA:59,5,0,0
BRDA:59,6,0,0
BRDA:59,6,1,0
BRDA:77,7,0,0
BRDA:82,8,0,0
BRDA:82,8,1,0
BRDA:87,9,0,0
BRDA:87,9,1,0
BRDA:88,10,0,0
BRDA:88,10,1,0
BRF:18
BRH:0
end_of_record
TN:
SF:src\server\game\CombatSystem.ts
FN:4,(anonymous_0)
FN:11,(anonymous_1)
FN:100,(anonymous_2)
FN:149,(anonymous_3)
FN:151,(anonymous_4)
FN:155,(anonymous_5)
FN:165,(anonymous_6)
FN:193,(anonymous_7)
FN:220,(anonymous_8)
FN:245,(anonymous_9)
FN:347,(anonymous_10)
FN:348,(anonymous_11)
FN:372,(anonymous_12)
FN:383,(anonymous_13)
FN:448,(anonymous_14)
FN:459,(anonymous_15)
FN:464,(anonymous_16)
FN:470,(anonymous_17)
FN:490,(anonymous_18)
FN:504,(anonymous_19)
FN:518,(anonymous_20)
FN:522,(anonymous_21)
FN:526,(anonymous_22)
FN:537,(anonymous_23)
FN:560,(anonymous_24)
FNF:25
FNH:15
FNDA:2,(anonymous_0)
FNDA:2,(anonymous_1)
FNDA:1,(anonymous_2)
FNDA:960,(anonymous_3)
FNDA:0,(anonymous_4)
FNDA:0,(anonymous_5)
FNDA:0,(anonymous_6)
FNDA:12,(anonymous_7)
FNDA:7,(anonymous_8)
FNDA:4,(anonymous_9)
FNDA:0,(anonymous_10)
FNDA:0,(anonymous_11)
FNDA:0,(anonymous_12)
FNDA:0,(anonymous_13)
FNDA:0,(anonymous_14)
FNDA:0,(anonymous_15)
FNDA:0,(anonymous_16)
FNDA:24,(anonymous_17)
FNDA:12,(anonymous_18)
FNDA:12,(anonymous_19)
FNDA:12,(anonymous_20)
FNDA:12,(anonymous_21)
FNDA:12,(anonymous_22)
FNDA:12,(anonymous_23)
FNDA:7,(anonymous_24)
DA:4,2
DA:5,2
DA:6,2
DA:7,2
DA:8,2
DA:11,2
DA:12,2
DA:13,2
DA:14,2
DA:15,2
DA:16,2
DA:59,2
DA:102,1
DA:103,1
DA:104,2
DA:108,2
DA:109,2
DA:110,2
DA:118,1
DA:129,2
DA:145,2
DA:151,960
DA:152,0
DA:155,960
DA:172,0
DA:173,0
DA:174,0
DA:175,0
DA:176,0
DA:179,0
DA:180,0
DA:181,0
DA:183,0
DA:188,0
DA:199,12
DA:200,12
DA:203,12
DA:204,12
DA:210,12
DA:211,3
DA:213,9
DA:222,7
DA:224,7
DA:225,0
DA:226,7
DA:227,0
DA:231,7
DA:234,7
DA:237,7
DA:239,7
DA:251,4
DA:252,4
DA:266,4
DA:268,1
DA:275,1
DA:277,1
DA:278,1
DA:280,1
DA:285,1
DA:286,1
DA:287,1
DA:288,0
DA:291,1
DA:296,3
DA:297,3
DA:299,3
DA:300,2
DA:309,1
DA:312,1
DA:313,1
DA:316,1
DA:319,1
DA:320,0
DA:328,1
DA:329,1
DA:331,1
DA:332,0
DA:336,1
DA:348,0
DA:350,0
DA:355,0
DA:358,0
DA:361,0
DA:362,0
DA:363,0
DA:379,0
DA:381,0
DA:383,0
DA:384,0
DA:385,0
DA:386,0
DA:387,0
DA:389,0
DA:390,0
DA:391,0
DA:395,0
DA:396,0
DA:398,0
DA:400,0
DA:401,0
DA:402,0
DA:403,0
DA:404,0
DA:406,0
DA:410,0
DA:416,2
DA:449,0
DA:450,0
DA:451,0
DA:452,0
DA:453,0
DA:454,0
DA:460,0
DA:461,0
DA:462,0
DA:463,0
DA:464,0
DA:465,0
DA:472,24
DA:478,24
DA:479,0
DA:480,0
DA:481,0
DA:482,0
DA:483,0
DA:484,0
DA:487,24
DA:492,12
DA:494,12
DA:496,12
DA:497,12
DA:498,0
DA:499,0
DA:501,12
DA:506,12
DA:508,12
DA:510,12
DA:511,0
DA:512,12
DA:513,0
DA:515,12
DA:519,12
DA:523,12
DA:528,12
DA:529,12
DA:531,12
DA:532,12
DA:534,12
DA:538,12
DA:541,12
DA:542,12
DA:543,12
DA:544,12
DA:545,12
DA:550,12
DA:551,12
DA:554,0
DA:557,12
DA:561,7
DA:564,7
DA:565,7
DA:566,7
DA:567,7
DA:568,7
DA:574,7
DA:578,2
LF:166
LH:100
BRDA:4,0,0,2
BRDA:4,0,1,2
BRDA:11,1,0,2
BRDA:11,1,1,2
BRDA:109,2,0,1
BRDA:109,2,1,1
BRDA:119,3,0,1
BRDA:119,3,1,1
BRDA:172,4,0,0
BRDA:173,5,0,0
BRDA:174,6,0,0
BRDA:175,7,0,0
BRDA:179,8,0,0
BRDA:181,9,0,0
BRDA:196,10,0,0
BRDA:210,11,0,3
BRDA:210,11,1,9
BRDA:224,12,0,0
BRDA:224,12,1,7
BRDA:226,13,0,0
BRDA:251,14,0,4
BRDA:251,14,1,0
BRDA:252,15,0,4
BRDA:252,15,1,0
BRDA:266,16,0,1
BRDA:266,17,0,4
BRDA:266,17,1,1
BRDA:266,18,0,3
BRDA:266,18,1,1
BRDA:266,19,0,4
BRDA:266,19,1,4
BRDA:268,20,0,1
BRDA:269,21,0,1
BRDA:269,21,1,1
BRDA:269,21,2,0
BRDA:269,21,3,0
BRDA:277,22,0,1
BRDA:285,23,0,1
BRDA:287,24,0,0
BRDA:299,25,0,2
BRDA:313,26,0,1
BRDA:313,26,1,0
BRDA:319,27,0,0
BRDA:319,28,0,1
BRDA:319,28,1,0
BRDA:328,29,0,1
BRDA:331,30,0,0
BRDA:350,31,0,0
BRDA:350,31,1,0
BRDA:350,31,2,0
BRDA:385,32,0,0
BRDA:385,33,0,0
BRDA:385,33,1,0
BRDA:389,34,0,0
BRDA:389,35,0,0
BRDA:389,35,1,0
BRDA:395,36,0,0
BRDA:395,37,0,0
BRDA:395,37,1,0
BRDA:395,37,2,0
BRDA:398,38,0,0
BRDA:400,39,0,0
BRDA:400,39,1,0
BRDA:402,40,0,0
BRDA:403,41,0,0
BRDA:450,42,0,0
BRDA:451,43,0,0
BRDA:453,44,0,0
BRDA:460,45,0,0
BRDA:463,46,0,0
BRDA:480,47,0,0
BRDA:496,48,0,12
BRDA:496,48,1,0
BRDA:498,49,0,0
BRDA:510,50,0,0
BRDA:510,50,1,12
BRDA:512,51,0,0
BRDA:529,52,0,0
BRDA:532,53,0,0
BRDA:534,54,0,12
BRDA:534,54,1,0
BRDA:542,55,0,12
BRDA:544,56,0,12
BRDA:545,57,0,12
BRDA:545,57,1,0
BRDA:551,58,0,0
BRDA:565,59,0,7
BRDA:567,60,0,7
BRF:88
BRH:37
end_of_record
TN:
SF:src\server\game\EntitySchemas.ts
FN:44,(anonymous_2)
FN:73,(anonymous_3)
FN:109,(anonymous_4)
FN:142,(anonymous_5)
FN:169,(anonymous_6)
FN:249,(anonymous_7)
FN:255,(anonymous_8)
FN:261,(anonymous_9)
FN:266,(anonymous_10)
FN:273,(anonymous_11)
FN:282,(anonymous_12)
FN:288,(anonymous_13)
FN:295,(anonymous_14)
FN:308,(anonymous_15)
FN:365,(anonymous_16)
FN:419,(anonymous_17)
FN:447,(anonymous_18)
FN:452,(anonymous_19)
FN:489,(anonymous_20)
FN:499,(anonymous_21)
FN:503,(anonymous_22)
FN:514,(anonymous_23)
FN:521,(anonymous_24)
FN:529,(anonymous_25)
FNF:24
FNH:5
FNDA:264,(anonymous_2)
FNDA:44,(anonymous_3)
FNDA:0,(anonymous_4)
FNDA:44,(anonymous_5)
FNDA:0,(anonymous_6)
FNDA:22,(anonymous_7)
FNDA:0,(anonymous_8)
FNDA:0,(anonymous_9)
FNDA:0,(anonymous_10)
FNDA:0,(anonymous_11)
FNDA:0,(anonymous_12)
FNDA:0,(anonymous_13)
FNDA:0,(anonymous_14)
FNDA:8,(anonymous_15)
FNDA:0,(anonymous_16)
FNDA:0,(anonymous_17)
FNDA:0,(anonymous_18)
FNDA:0,(anonymous_19)
FNDA:0,(anonymous_20)
FNDA:0,(anonymous_21)
FNDA:0,(anonymous_22)
FNDA:0,(anonymous_23)
FNDA:0,(anonymous_24)
FNDA:0,(anonymous_25)
DA:1,2
DA:37,2
DA:39,2
DA:42,2
DA:45,264
DA:46,264
DA:47,264
DA:54,2
DA:56,2
DA:59,2
DA:62,2
DA:65,2
DA:68,2
DA:71,2
DA:74,44
DA:75,44
DA:76,44
DA:77,44
DA:78,44
DA:79,44
DA:80,44
DA:87,2
DA:89,2
DA:92,2
DA:95,2
DA:98,2
DA:101,2
DA:104,2
DA:107,2
DA:118,0
DA:119,0
DA:120,0
DA:121,0
DA:122,0
DA:123,0
DA:124,0
DA:125,0
DA:132,2
DA:134,2
DA:137,2
DA:140,2
DA:143,44
DA:144,44
DA:145,44
DA:146,44
DA:153,2
DA:155,2
DA:158,2
DA:161,2
DA:164,2
DA:167,2
DA:170,0
DA:171,0
DA:178,2
DA:180,22
DA:183,22
DA:186,22
DA:189,22
DA:192,22
DA:195,22
DA:198,22
DA:201,22
DA:204,22
DA:207,22
DA:210,22
DA:213,22
DA:216,22
DA:219,22
DA:222,22
DA:225,22
DA:228,22
DA:231,22
DA:235,22
DA:239,22
DA:242,22
DA:245,22
DA:247,22
DA:250,22
DA:251,22
DA:256,0
DA:257,0
DA:262,0
DA:267,0
DA:268,0
DA:269,0
DA:274,0
DA:283,0
DA:284,0
DA:289,0
DA:290,0
DA:297,0
DA:301,0
DA:308,2
DA:310,8
DA:313,8
DA:319,2
DA:321,2
DA:324,2
DA:327,2
DA:330,2
DA:333,2
DA:336,2
DA:339,2
DA:342,2
DA:345,2
DA:348,2
DA:351,2
DA:354,2
DA:357,2
DA:360,2
DA:363,2
DA:366,0
DA:367,0
DA:368,0
DA:371,0
DA:373,0
DA:374,0
DA:375,0
DA:376,0
DA:378,0
DA:379,0
DA:380,0
DA:382,0
DA:383,0
DA:384,0
DA:385,0
DA:391,2
DA:393,2
DA:396,2
DA:399,2
DA:402,2
DA:405,2
DA:408,2
DA:411,2
DA:414,2
DA:417,2
DA:420,0
DA:421,0
DA:422,0
DA:423,0
DA:424,0
DA:427,0
DA:429,0
DA:430,0
DA:431,0
DA:432,0
DA:434,0
DA:435,0
DA:436,0
DA:437,0
DA:439,0
DA:440,0
DA:441,0
DA:442,0
DA:448,0
DA:449,0
DA:453,0
DA:454,0
DA:455,0
DA:457,0
DA:461,2
DA:463,2
DA:466,2
DA:469,2
DA:472,2
DA:475,2
DA:478,2
DA:481,2
DA:484,2
DA:487,0
DA:490,0
DA:491,0
DA:492,0
DA:493,0
DA:494,0
DA:497,0
DA:499,0
DA:505,0
DA:506,0
DA:510,0
DA:515,0
DA:516,0
DA:522,0
DA:523,0
DA:529,2
DA:531,2
DA:534,2
LF:187
LH:110
BRDA:44,0,0,264
BRDA:44,1,0,264
BRDA:110,2,0,0
BRDA:111,3,0,0
BRDA:112,4,0,0
BRDA:113,5,0,0
BRDA:114,6,0,0
BRDA:115,7,0,0
BRDA:116,8,0,0
BRDA:257,9,0,0
BRDA:257,9,1,0
BRDA:268,10,0,0
BRDA:268,11,0,0
BRDA:268,11,1,0
BRDA:289,12,0,0
BRDA:289,13,0,0
BRDA:289,13,1,0
BRDA:371,14,0,0
BRDA:371,14,1,0
BRDA:371,14,2,0
BRDA:427,15,0,0
BRDA:427,15,1,0
BRDA:427,15,2,0
BRDA:453,16,0,0
BRDA:453,17,0,0
BRDA:453,17,1,0
BRDA:489,18,0,0
BRDA:489,19,0,0
BRDA:505,20,0,0
BRDA:505,21,0,0
BRDA:505,21,1,0
BRDA:505,21,2,0
BRDA:505,21,3,0
BRDA:515,22,0,0
BRDA:515,23,0,0
BRDA:515,23,1,0
BRDA:515,23,2,0
BRDA:515,23,3,0
BRDA:522,24,0,0
BRDA:522,25,0,0
BRDA:522,25,1,0
BRDA:522,25,2,0
BRDA:522,25,3,0
BRF:43
BRH:2
end_of_record
TN:
SF:src\server\game\GameRoom.ts
FN:22,(anonymous_0)
FN:94,(anonymous_1)
FN:98,(anonymous_2)
FN:122,(anonymous_3)
FN:124,(anonymous_4)
FN:126,(anonymous_5)
FN:134,(anonymous_6)
FN:140,(anonymous_7)
FN:151,(anonymous_8)
FN:162,(anonymous_9)
FN:163,(anonymous_10)
FN:164,(anonymous_11)
FN:168,(anonymous_12)
FN:175,(anonymous_13)
FN:182,(anonymous_14)
FN:212,(anonymous_15)
FN:234,(anonymous_16)
FN:236,(anonymous_17)
FN:242,(anonymous_18)
FN:252,(anonymous_19)
FN:279,(anonymous_20)
FN:315,(anonymous_21)
FN:390,(anonymous_22)
FN:397,(anonymous_23)
FN:402,(anonymous_24)
FN:410,(anonymous_25)
FN:425,(anonymous_26)
FN:429,(anonymous_27)
FN:443,(anonymous_28)
FN:452,(anonymous_29)
FN:472,(anonymous_30)
FN:495,(anonymous_31)
FN:500,(anonymous_32)
FN:507,(anonymous_33)
FNF:34
FNH:9
FNDA:0,(anonymous_0)
FNDA:8,(anonymous_1)
FNDA:0,(anonymous_2)
FNDA:0,(anonymous_3)
FNDA:0,(anonymous_4)
FNDA:0,(anonymous_5)
FNDA:0,(anonymous_6)
FNDA:0,(anonymous_7)
FNDA:8,(anonymous_8)
FNDA:960,(anonymous_9)
FNDA:1684,(anonymous_10)
FNDA:0,(anonymous_11)
FNDA:0,(anonymous_12)
FNDA:8,(anonymous_13)
FNDA:0,(anonymous_14)
FNDA:0,(anonymous_15)
FNDA:8,(anonymous_16)
FNDA:32,(anonymous_17)
FNDA:0,(anonymous_18)
FNDA:0,(anonymous_19)
FNDA:0,(anonymous_20)
FNDA:0,(anonymous_21)
FNDA:960,(anonymous_22)
FNDA:0,(anonymous_23)
FNDA:0,(anonymous_24)
FNDA:0,(anonymous_25)
FNDA:1684,(anonymous_26)
FNDA:0,(anonymous_27)
FNDA:0,(anonymous_28)
FNDA:0,(anonymous_29)
FNDA:0,(anonymous_30)
FNDA:0,(anonymous_31)
FNDA:0,(anonymous_32)
FNDA:0,(anonymous_33)
DA:1,1
DA:2,1
DA:9,1
DA:18,1
DA:19,1
DA:22,1
DA:94,1
DA:99,0
DA:100,0
DA:101,0
DA:102,0
DA:103,0
DA:104,0
DA:105,0
DA:106,0
DA:107,0
DA:109,0
DA:110,0
DA:111,0
DA:112,0
DA:113,0
DA:114,0
DA:115,0
DA:116,0
DA:117,0
DA:123,0
DA:124,0
DA:125,0
DA:126,0
DA:127,0
DA:135,0
DA:136,0
DA:137,0
DA:138,0
DA:139,0
DA:140,0
DA:141,0
DA:142,0
DA:145,8
DA:146,8
DA:147,8
DA:148,8
DA:149,8
DA:152,8
DA:155,8
DA:156,8
DA:157,8
DA:158,8
DA:161,8
DA:162,960
DA:163,1684
DA:164,0
DA:168,8
DA:171,8
DA:176,8
DA:183,0
DA:185,0
DA:187,0
DA:189,0
DA:192,0
DA:193,0
DA:194,0
DA:195,0
DA:196,0
DA:197,0
DA:200,0
DA:203,0
DA:205,0
DA:213,0
DA:215,0
DA:218,0
DA:220,0
DA:223,0
DA:228,0
DA:229,0
DA:236,32
DA:237,8
DA:238,8
DA:243,0
DA:244,0
DA:246,0
DA:249,0
DA:253,0
DA:254,0
DA:256,0
DA:257,0
DA:258,0
DA:261,0
DA:262,0
DA:265,0
DA:266,0
DA:267,0
DA:268,0
DA:269,0
DA:270,0
DA:274,0
DA:276,0
DA:280,0
DA:281,0
DA:283,0
DA:284,0
DA:285,0
DA:288,0
DA:289,0
DA:292,0
DA:303,0
DA:304,0
DA:306,0
DA:310,0
DA:312,0
DA:316,0
DA:317,0
DA:319,0
DA:320,0
DA:322,0
DA:323,0
DA:326,0
DA:330,0
DA:331,0
DA:332,0
DA:336,0
DA:338,0
DA:340,0
DA:343,0
DA:344,0
DA:345,0
DA:346,0
DA:347,0
DA:348,0
DA:353,0
DA:354,0
DA:355,0
DA:356,0
DA:357,0
DA:366,0
DA:367,0
DA:373,0
DA:374,0
DA:375,0
DA:376,0
DA:381,0
DA:382,0
DA:383,0
DA:391,960
DA:398,0
DA:399,0
DA:400,0
DA:402,0
DA:403,0
DA:404,0
DA:409,0
DA:410,0
DA:411,0
DA:412,0
DA:413,0
DA:414,0
DA:418,0
DA:426,1684
DA:427,1684
DA:429,1684
DA:431,0
DA:432,0
DA:436,0
DA:444,0
DA:446,0
DA:447,0
DA:450,0
DA:452,0
DA:453,0
DA:455,0
DA:456,0
DA:461,0
DA:462,0
DA:465,0
DA:475,0
DA:483,0
DA:485,0
DA:496,0
DA:497,0
DA:498,0
DA:500,0
DA:501,0
DA:502,0
DA:507,0
DA:508,0
DA:512,0
DA:513,0
DA:516,0
LF:188
LH:30
BRDA:187,0,0,0
BRDA:187,0,1,0
BRDA:194,1,0,0
BRDA:194,1,1,0
BRDA:213,2,0,0
BRDA:213,2,1,0
BRDA:244,3,0,0
BRDA:254,4,0,0
BRDA:257,5,0,0
BRDA:257,6,0,0
BRDA:257,6,1,0
BRDA:257,6,2,0
BRDA:262,7,0,0
BRDA:262,8,0,0
BRDA:262,8,1,0
BRDA:265,9,0,0
BRDA:265,9,1,0
BRDA:267,10,0,0
BRDA:267,10,1,0
BRDA:269,11,0,0
BRDA:281,12,0,0
BRDA:283,13,0,0
BRDA:284,14,0,0
BRDA:284,15,0,0
BRDA:284,15,1,0
BRDA:284,15,2,0
BRDA:289,16,0,0
BRDA:289,17,0,0
BRDA:289,17,1,0
BRDA:303,18,0,0
BRDA:303,18,1,0
BRDA:317,19,0,0
BRDA:320,20,0,0
BRDA:323,21,0,0
BRDA:330,22,0,0
BRDA:345,23,0,0
BRDA:353,24,0,0
BRDA:356,25,0,0
BRDA:373,26,0,0
BRDA:381,27,0,0
BRDA:403,28,0,0
BRDA:411,29,0,0
BRDA:418,30,0,0
BRDA:418,30,1,0
BRDA:431,31,0,0
BRDA:431,32,0,0
BRDA:431,32,1,0
BRDA:436,33,0,0
BRDA:436,33,1,0
BRDA:446,34,0,0
BRDA:455,35,0,0
BRDA:465,36,0,0
BRDA:465,36,1,0
BRDA:501,37,0,0
BRDA:512,38,0,0
BRDA:516,39,0,0
BRDA:516,39,1,0
BRF:57
BRH:0
end_of_record
TN:
SF:src\server\middleware\errorHandler.ts
FN:8,errorHandler
FN:30,notFoundHandler
FNF:2
FNH:0
FNDA:0,errorHandler
FNDA:0,notFoundHandler
DA:8,0
DA:14,0
DA:17,0
DA:20,0
DA:27,0
DA:30,0
DA:31,0
LF:7
LH:0
BRDA:14,0,0,0
BRDA:14,0,1,0
BRDA:14,0,2,0
BRDA:22,1,0,0
BRDA:22,1,1,0
BRDA:23,2,0,0
BRDA:23,2,1,0
BRF:7
BRH:0
end_of_record
TN:
SF:src\server\routes\auth.ts
FN:55,(anonymous_1)
FN:67,(anonymous_2)
FN:131,(anonymous_3)
FNF:3
FNH:0
FNDA:0,(anonymous_1)
FNDA:0,(anonymous_2)
FNDA:0,(anonymous_3)
DA:1,0
DA:2,0
DA:3,0
DA:4,0
DA:13,0
DA:16,0
DA:17,0
DA:18,0
DA:19,0
DA:55,0
DA:56,0
DA:63,0
DA:67,0
DA:68,0
DA:69,0
DA:70,0
DA:72,0
DA:73,0
DA:74,0
DA:78,0
DA:86,0
DA:94,0
DA:96,0
DA:97,0
DA:98,0
DA:102,0
DA:108,0
DA:110,0
DA:111,0
DA:115,0
DA:123,0
DA:125,0
DA:126,0
DA:131,0
DA:132,0
DA:133,0
DA:134,0
DA:135,0
DA:137,0
DA:140,0
LF:40
LH:0
BRDA:72,0,0,0
BRDA:96,1,0,0
BRDA:97,2,0,0
BRDA:97,2,1,0
BRDA:110,3,0,0
BRDA:133,4,0,0
BRF:6
BRH:0
end_of_record
TN:
SF:src\server\routes\health.ts
FN:120,(anonymous_1)
FNF:1
FNH:0
FNDA:0,(anonymous_1)
DA:1,0
DA:2,0
DA:3,0
DA:4,0
DA:5,0
DA:7,0
DA:120,0
DA:121,0
DA:137,0
DA:139,0
DA:140,0
DA:141,0
DA:142,0
DA:143,0
DA:144,0
DA:146,0
DA:149,0
DA:150,0
DA:151,0
DA:152,0
DA:153,0
DA:157,0
DA:158,0
DA:159,0
DA:160,0
DA:161,0
DA:163,0
DA:164,0
DA:165,0
DA:166,0
DA:167,0
DA:172,0
DA:173,0
DA:176,0
DA:177,0
DA:178,0
DA:183,0
DA:184,0
DA:185,0
DA:186,0
DA:187,0
DA:188,0
DA:189,0
DA:199,0
DA:200,0
DA:206,0
DA:208,0
DA:209,0
DA:210,0
DA:219,0
LF:50
LH:0
BRDA:133,0,0,0
BRDA:133,0,1,0
BRDA:134,1,0,0
BRDA:134,1,1,0
BRDA:141,2,0,0
BRDA:141,2,1,0
BRDA:149,3,0,0
BRDA:149,3,1,0
BRDA:157,4,0,0
BRDA:163,5,0,0
BRDA:163,5,1,0
BRDA:176,6,0,0
BRDA:176,7,0,0
BRDA:176,7,1,0
BRDA:183,8,0,0
BRDA:185,9,0,0
BRDA:188,10,0,0
BRDA:199,11,0,0
BRDA:208,12,0,0
BRDA:208,12,1,0
BRDA:214,13,0,0
BRDA:214,13,1,0
BRF:22
BRH:0
end_of_record
TN:
SF:src\server\utils\logger.ts
FN:40,(anonymous_1)
FN:49,(anonymous_2)
FN:106,(anonymous_3)
FN:112,(anonymous_4)
FN:120,(anonymous_5)
FNF:5
FNH:2
FNDA:7,(anonymous_1)
FNDA:1,(anonymous_2)
FNDA:0,(anonymous_3)
FNDA:0,(anonymous_4)
FNDA:0,(anonymous_5)
DA:1,1
DA:2,1
DA:3,1
DA:4,1
DA:7,1
DA:8,1
DA:11,1
DA:20,1
DA:29,1
DA:37,1
DA:41,7
DA:42,7
DA:43,7
DA:44,7
DA:49,1
DA:50,1
DA:59,1
DA:60,0
DA:79,1
DA:83,1
DA:105,1
DA:107,0
DA:112,1
DA:113,0
DA:114,0
DA:115,0
DA:120,1
DA:121,0
DA:122,0
DA:123,0
DA:127,1
LF:31
LH:23
BRDA:42,0,0,7
BRDA:43,1,0,7
BRDA:54,2,0,0
BRDA:54,2,1,1
BRDA:59,3,0,0
BRDA:84,4,0,1
BRDA:84,4,1,1
BRDA:114,5,0,0
BRDA:122,6,0,0
BRF:9
BRH:5
end_of_record
TN:
SF:src\services\economy-client.test.ts
FN:15,(anonymous_1)
FN:18,(anonymous_2)
FN:24,(anonymous_3)
FN:28,(anonymous_4)
FN:29,(anonymous_5)
FN:43,(anonymous_6)
FN:51,(anonymous_7)
FN:52,(anonymous_8)
FN:80,(anonymous_9)
FN:98,(anonymous_10)
FN:121,(anonymous_11)
FN:122,(anonymous_12)
FN:154,(anonymous_13)
FN:175,(anonymous_14)
FN:176,(anonymous_15)
FN:192,(anonymous_16)
FN:217,(anonymous_17)
FN:218,(anonymous_18)
FN:230,(anonymous_19)
FN:244,(anonymous_20)
FN:245,(anonymous_21)
FN:260,(anonymous_22)
FNF:22
FNH:0
FNDA:0,(anonymous_1)
FNDA:0,(anonymous_2)
FNDA:0,(anonymous_3)
FNDA:0,(anonymous_4)
FNDA:0,(anonymous_5)
FNDA:0,(anonymous_6)
FNDA:0,(anonymous_7)
FNDA:0,(anonymous_8)
FNDA:0,(anonymous_9)
FNDA:0,(anonymous_10)
FNDA:0,(anonymous_11)
FNDA:0,(anonymous_12)
FNDA:0,(anonymous_13)
FNDA:0,(anonymous_14)
FNDA:0,(anonymous_15)
FNDA:0,(anonymous_16)
FNDA:0,(anonymous_17)
FNDA:0,(anonymous_18)
FNDA:0,(anonymous_19)
FNDA:0,(anonymous_20)
FNDA:0,(anonymous_21)
FNDA:0,(anonymous_22)
DA:8,0
DA:9,0
DA:10,0
DA:13,0
DA:15,0
DA:18,0
DA:20,0
DA:21,0
DA:24,0
DA:25,0
DA:28,0
DA:29,0
DA:31,0
DA:36,0
DA:38,0
DA:39,0
DA:40,0
DA:43,0
DA:45,0
DA:47,0
DA:51,0
DA:52,0
DA:53,0
DA:70,0
DA:72,0
DA:74,0
DA:75,0
DA:76,0
DA:77,0
DA:80,0
DA:81,0
DA:89,0
DA:91,0
DA:93,0
DA:94,0
DA:95,0
DA:98,0
DA:99,0
DA:105,0
DA:111,0
DA:113,0
DA:115,0
DA:116,0
DA:117,0
DA:121,0
DA:122,0
DA:123,0
DA:144,0
DA:146,0
DA:148,0
DA:149,0
DA:150,0
DA:151,0
DA:154,0
DA:155,0
DA:165,0
DA:167,0
DA:169,0
DA:170,0
DA:171,0
DA:175,0
DA:176,0
DA:177,0
DA:182,0
DA:184,0
DA:186,0
DA:187,0
DA:188,0
DA:189,0
DA:192,0
DA:193,0
DA:199,0
DA:205,0
DA:207,0
DA:209,0
DA:210,0
DA:211,0
DA:212,0
DA:213,0
DA:217,0
DA:218,0
DA:219,0
DA:230,0
DA:231,0
DA:232,0
DA:235,0
DA:237,0
DA:238,0
DA:239,0
DA:240,0
DA:244,0
DA:245,0
DA:246,0
DA:260,0
DA:261,0
DA:262,0
DA:265,0
DA:267,0
DA:268,0
DA:269,0
DA:270,0
LF:101
LH:0
BRF:0
BRH:0
end_of_record
TN:
SF:src\services\economy-client.ts
FN:101,(anonymous_1)
FN:122,(anonymous_2)
FN:123,(anonymous_3)
FN:140,(anonymous_4)
FN:150,(anonymous_5)
FN:158,(anonymous_6)
FN:166,(anonymous_7)
FN:176,(anonymous_8)
FN:184,(anonymous_9)
FN:192,(anonymous_10)
FN:202,(anonymous_11)
FN:210,(anonymous_12)
FN:223,(anonymous_13)
FN:231,(anonymous_14)
FN:248,(anonymous_15)
FN:259,(anonymous_16)
FN:273,(anonymous_17)
FN:287,(anonymous_18)
FNF:18
FNH:0
FNDA:0,(anonymous_1)
FNDA:0,(anonymous_2)
FNDA:0,(anonymous_3)
FNDA:0,(anonymous_4)
FNDA:0,(anonymous_5)
FNDA:0,(anonymous_6)
FNDA:0,(anonymous_7)
FNDA:0,(anonymous_8)
FNDA:0,(anonymous_9)
FNDA:0,(anonymous_10)
FNDA:0,(anonymous_11)
FNDA:0,(anonymous_12)
FNDA:0,(anonymous_13)
FNDA:0,(anonymous_14)
FNDA:0,(anonymous_15)
FNDA:0,(anonymous_16)
FNDA:0,(anonymous_17)
FNDA:0,(anonymous_18)
DA:9,0
DA:10,0
DA:11,0
DA:91,0
DA:102,0
DA:105,0
DA:121,0
DA:122,0
DA:124,0
DA:127,0
DA:128,0
DA:129,0
DA:132,0
DA:141,0
DA:142,0
DA:151,0
DA:152,0
DA:159,0
DA:160,0
DA:167,0
DA:168,0
DA:177,0
DA:178,0
DA:185,0
DA:186,0
DA:193,0
DA:194,0
DA:203,0
DA:204,0
DA:214,0
DA:215,0
DA:224,0
DA:225,0
DA:241,0
DA:242,0
DA:252,0
DA:253,0
DA:266,0
DA:267,0
DA:280,0
DA:281,0
DA:288,0
DA:291,0
DA:296,0
LF:44
LH:0
BRDA:102,0,0,0
BRDA:102,0,1,0
BRDA:102,0,2,0
BRDA:102,1,0,0
BRDA:102,1,1,0
BRDA:102,2,0,0
BRDA:102,2,1,0
BRDA:107,3,0,0
BRDA:107,3,1,0
BRDA:107,4,0,0
BRDA:107,4,1,0
BRDA:107,5,0,0
BRDA:107,5,1,0
BRDA:110,6,0,0
BRDA:110,6,1,0
BRDA:113,7,0,0
BRDA:113,7,1,0
BRDA:127,8,0,0
BRDA:150,9,0,0
BRDA:176,10,0,0
BRDA:223,11,0,0
BRDA:260,12,0,0
BRF:22
BRH:0
end_of_record
