{"C:\\Users\\aggis\\GitHub\\runerogue\\src\\server\\auth\\middleware.ts": {"path":"C:\\Users\\aggis\\GitHub\\runerogue\\src\\server\\auth\\middleware.ts","statementMap":{"0":{"start":{"line":2,"column":0},"end":{"line":2,"column":31}},"1":{"start":{"line":4,"column":19},"end":{"line":4,"column":62}},"2":{"start":{"line":21,"column":35},"end":{"line":23,"column":1}},"3":{"start":{"line":22,"column":2},"end":{"line":22,"column":57}},"4":{"start":{"line":21,"column":13},"end":{"line":21,"column":35}},"5":{"start":{"line":25,"column":33},"end":{"line":45,"column":1}},"6":{"start":{"line":30,"column":21},"end":{"line":30,"column":49}},"7":{"start":{"line":31,"column":16},"end":{"line":31,"column":54}},"8":{"start":{"line":33,"column":2},"end":{"line":35,"column":3}},"9":{"start":{"line":34,"column":4},"end":{"line":34,"column":64}},"10":{"start":{"line":37,"column":2},"end":{"line":44,"column":5}},"11":{"start":{"line":38,"column":4},"end":{"line":40,"column":5}},"12":{"start":{"line":39,"column":6},"end":{"line":39,"column":73}},"13":{"start":{"line":42,"column":4},"end":{"line":42,"column":35}},"14":{"start":{"line":43,"column":4},"end":{"line":43,"column":11}},"15":{"start":{"line":25,"column":13},"end":{"line":25,"column":33}},"16":{"start":{"line":47,"column":28},"end":{"line":60,"column":1}},"17":{"start":{"line":53,"column":2},"end":{"line":53,"column":31}},"18":{"start":{"line":55,"column":2},"end":{"line":57,"column":3}},"19":{"start":{"line":56,"column":4},"end":{"line":56,"column":60}},"20":{"start":{"line":59,"column":2},"end":{"line":59,"column":59}},"21":{"start":{"line":47,"column":13},"end":{"line":47,"column":28}}},"fnMap":{"0":{"name":"(anonymous_1)","decl":{"start":{"line":21,"column":35},"end":{"line":21,"column":36}},"loc":{"start":{"line":21,"column":65},"end":{"line":23,"column":1}}},"1":{"name":"(anonymous_2)","decl":{"start":{"line":25,"column":33},"end":{"line":25,"column":null}},"loc":{"start":{"line":29,"column":4},"end":{"line":45,"column":1}}},"2":{"name":"(anonymous_3)","decl":{"start":{"line":37,"column":32},"end":{"line":37,"column":33}},"loc":{"start":{"line":37,"column":46},"end":{"line":44,"column":3}}},"3":{"name":"(anonymous_4)","decl":{"start":{"line":47,"column":28},"end":{"line":47,"column":null}},"loc":{"start":{"line":52,"column":4},"end":{"line":60,"column":1}}}},"branchMap":{"0":{"loc":{"start":{"line":4,"column":19},"end":{"line":4,"column":62}},"type":"binary-expr","locations":[{"start":{"line":4,"column":19},"end":{"line":4,"column":41}},{"start":{"line":4,"column":45},"end":{"line":4,"column":62}}]},"1":{"loc":{"start":{"line":31,"column":16},"end":{"line":31,"column":54}},"type":"binary-expr","locations":[{"start":{"line":31,"column":16},"end":{"line":31,"column":26}},{"start":{"line":31,"column":30},"end":{"line":31,"column":54}}]},"2":{"loc":{"start":{"line":33,"column":2},"end":{"line":35,"column":3}},"type":"if","locations":[{"start":{"line":33,"column":2},"end":{"line":35,"column":3}}]},"3":{"loc":{"start":{"line":38,"column":4},"end":{"line":40,"column":5}},"type":"if","locations":[{"start":{"line":38,"column":4},"end":{"line":40,"column":5}}]},"4":{"loc":{"start":{"line":55,"column":2},"end":{"line":57,"column":3}},"type":"if","locations":[{"start":{"line":55,"column":2},"end":{"line":57,"column":3}}]}},"s":{"0":0,"1":0,"2":0,"3":0,"4":0,"5":0,"6":0,"7":0,"8":0,"9":0,"10":0,"11":0,"12":0,"13":0,"14":0,"15":0,"16":0,"17":0,"18":0,"19":0,"20":0,"21":0},"f":{"0":0,"1":0,"2":0,"3":0},"b":{"0":[0,0],"1":[0,0],"2":[0],"3":[0],"4":[0]}}
,"C:\\Users\\aggis\\GitHub\\runerogue\\src\\server\\game\\GameRoom.ts": {"path":"C:\\Users\\aggis\\GitHub\\runerogue\\src\\server\\game\\GameRoom.ts","statementMap":{"0":{"start":{"line":1,"column":0},"end":{"line":1,"column":62}},"1":{"start":{"line":2,"column":0},"end":{"line":2,"column":59}},"2":{"start":{"line":4,"column":28},"end":{"line":4,"column":34}},"3":{"start":{"line":13,"column":4},"end":{"line":13,"column":12}},"4":{"start":{"line":5,"column":18},"end":{"line":5,"column":29}},"5":{"start":{"line":6,"column":18},"end":{"line":6,"column":31}},"6":{"start":{"line":7,"column":18},"end":{"line":7,"column":32}},"7":{"start":{"line":8,"column":18},"end":{"line":8,"column":32}},"8":{"start":{"line":9,"column":18},"end":{"line":9,"column":45}},"9":{"start":{"line":10,"column":18},"end":{"line":10,"column":56}},"10":{"start":{"line":14,"column":4},"end":{"line":14,"column":17}},"11":{"start":{"line":15,"column":4},"end":{"line":15,"column":21}},"12":{"start":{"line":5,"column":3},"end":{"line":5,"column":18}},"13":{"start":{"line":6,"column":3},"end":{"line":6,"column":18}},"14":{"start":{"line":7,"column":3},"end":{"line":7,"column":18}},"15":{"start":{"line":8,"column":3},"end":{"line":8,"column":18}},"16":{"start":{"line":9,"column":3},"end":{"line":9,"column":18}},"17":{"start":{"line":10,"column":3},"end":{"line":10,"column":18}},"18":{"start":{"line":5,"column":18},"end":{"line":5,"column":20}},"19":{"start":{"line":5,"column":20},"end":{"line":5,"column":29}},"20":{"start":{"line":6,"column":18},"end":{"line":6,"column":22}},"21":{"start":{"line":6,"column":22},"end":{"line":6,"column":31}},"22":{"start":{"line":7,"column":18},"end":{"line":7,"column":30}},"23":{"start":{"line":7,"column":18},"end":{"line":7,"column":19}},"24":{"start":{"line":7,"column":19},"end":{"line":7,"column":30}},"25":{"start":{"line":8,"column":18},"end":{"line":8,"column":30}},"26":{"start":{"line":8,"column":18},"end":{"line":8,"column":19}},"27":{"start":{"line":8,"column":19},"end":{"line":8,"column":30}},"28":{"start":{"line":9,"column":18},"end":{"line":9,"column":38}},"29":{"start":{"line":9,"column":18},"end":{"line":9,"column":27}},"30":{"start":{"line":9,"column":27},"end":{"line":9,"column":38}},"31":{"start":{"line":10,"column":18},"end":{"line":10,"column":48}},"32":{"start":{"line":10,"column":18},"end":{"line":10,"column":27}},"33":{"start":{"line":10,"column":27},"end":{"line":10,"column":48}},"34":{"start":{"line":4,"column":13},"end":{"line":4,"column":19}},"35":{"start":{"line":19,"column":31},"end":{"line":19,"column":37}},"36":{"start":{"line":20,"column":25},"end":{"line":20,"column":59}},"37":{"start":{"line":20,"column":3},"end":{"line":20,"column":25}},"38":{"start":{"line":20,"column":25},"end":{"line":20,"column":35}},"39":{"start":{"line":20,"column":25},"end":{"line":20,"column":32}},"40":{"start":{"line":20,"column":32},"end":{"line":20,"column":35}},"41":{"start":{"line":19,"column":13},"end":{"line":19,"column":22}},"42":{"start":{"line":24,"column":9},"end":{"line":24,"column":25}},"43":{"start":{"line":25,"column":9},"end":{"line":25,"column":44}},"44":{"start":{"line":28,"column":4},"end":{"line":28,"column":30}},"45":{"start":{"line":29,"column":4},"end":{"line":29,"column":54}},"46":{"start":{"line":32,"column":4},"end":{"line":41,"column":7}},"47":{"start":{"line":33,"column":21},"end":{"line":33,"column":61}},"48":{"start":{"line":34,"column":6},"end":{"line":34,"column":26}},"49":{"start":{"line":34,"column":19},"end":{"line":34,"column":26}},"50":{"start":{"line":37,"column":6},"end":{"line":37,"column":50}},"51":{"start":{"line":37,"column":32},"end":{"line":37,"column":50}},"52":{"start":{"line":38,"column":6},"end":{"line":38,"column":50}},"53":{"start":{"line":38,"column":32},"end":{"line":38,"column":50}},"54":{"start":{"line":39,"column":6},"end":{"line":39,"column":60}},"55":{"start":{"line":39,"column":26},"end":{"line":39,"column":60}},"56":{"start":{"line":40,"column":6},"end":{"line":40,"column":60}},"57":{"start":{"line":40,"column":26},"end":{"line":40,"column":60}},"58":{"start":{"line":43,"column":4},"end":{"line":43,"column":51}},"59":{"start":{"line":47,"column":4},"end":{"line":47,"column":61}},"60":{"start":{"line":50,"column":19},"end":{"line":52,"column":null}},"61":{"start":{"line":56,"column":4},"end":{"line":56,"column":53}},"62":{"start":{"line":59,"column":4},"end":{"line":62,"column":7}},"63":{"start":{"line":67,"column":4},"end":{"line":67,"column":50}},"64":{"start":{"line":69,"column":4},"end":{"line":82,"column":5}},"65":{"start":{"line":71,"column":6},"end":{"line":71,"column":50}},"66":{"start":{"line":74,"column":6},"end":{"line":81,"column":7}},"67":{"start":{"line":75,"column":29},"end":{"line":75,"column":63}},"68":{"start":{"line":76,"column":8},"end":{"line":76,"column":27}},"69":{"start":{"line":77,"column":8},"end":{"line":77,"column":61}},"70":{"start":{"line":80,"column":8},"end":{"line":80,"column":52}},"71":{"start":{"line":86,"column":4},"end":{"line":86,"column":47}},"72":{"start":{"line":23,"column":0},"end":{"line":23,"column":13}}},"fnMap":{"0":{"name":"(anonymous_5)","decl":{"start":{"line":12,"column":2},"end":{"line":12,"column":14}},"loc":{"start":{"line":12,"column":38},"end":{"line":16,"column":null}}},"1":{"name":"(anonymous_7)","decl":{"start":{"line":5,"column":18},"end":{"line":5,"column":20}},"loc":{"start":{"line":5,"column":18},"end":{"line":5,"column":20}}},"2":{"name":"(anonymous_9)","decl":{"start":{"line":5,"column":20},"end":{"line":5,"column":29}},"loc":{"start":{"line":5,"column":20},"end":{"line":5,"column":29}}},"3":{"name":"(anonymous_10)","decl":{"start":{"line":6,"column":18},"end":{"line":6,"column":22}},"loc":{"start":{"line":6,"column":18},"end":{"line":6,"column":22}}},"4":{"name":"(anonymous_12)","decl":{"start":{"line":6,"column":22},"end":{"line":6,"column":31}},"loc":{"start":{"line":6,"column":22},"end":{"line":6,"column":31}}},"5":{"name":"(anonymous_13)","decl":{"start":{"line":7,"column":18},"end":{"line":7,"column":19}},"loc":{"start":{"line":7,"column":18},"end":{"line":7,"column":19}}},"6":{"name":"(anonymous_15)","decl":{"start":{"line":7,"column":19},"end":{"line":7,"column":30}},"loc":{"start":{"line":7,"column":19},"end":{"line":7,"column":30}}},"7":{"name":"(anonymous_16)","decl":{"start":{"line":8,"column":18},"end":{"line":8,"column":19}},"loc":{"start":{"line":8,"column":18},"end":{"line":8,"column":19}}},"8":{"name":"(anonymous_18)","decl":{"start":{"line":8,"column":19},"end":{"line":8,"column":30}},"loc":{"start":{"line":8,"column":19},"end":{"line":8,"column":30}}},"9":{"name":"(anonymous_19)","decl":{"start":{"line":9,"column":18},"end":{"line":9,"column":27}},"loc":{"start":{"line":9,"column":18},"end":{"line":9,"column":27}}},"10":{"name":"(anonymous_21)","decl":{"start":{"line":9,"column":27},"end":{"line":9,"column":38}},"loc":{"start":{"line":9,"column":27},"end":{"line":9,"column":38}}},"11":{"name":"(anonymous_22)","decl":{"start":{"line":10,"column":18},"end":{"line":10,"column":27}},"loc":{"start":{"line":10,"column":18},"end":{"line":10,"column":27}}},"12":{"name":"(anonymous_24)","decl":{"start":{"line":10,"column":27},"end":{"line":10,"column":48}},"loc":{"start":{"line":10,"column":27},"end":{"line":10,"column":48}}},"13":{"name":"(anonymous_28)","decl":{"start":{"line":20,"column":25},"end":{"line":20,"column":32}},"loc":{"start":{"line":20,"column":25},"end":{"line":20,"column":32}}},"14":{"name":"(anonymous_30)","decl":{"start":{"line":20,"column":32},"end":{"line":20,"column":35}},"loc":{"start":{"line":20,"column":32},"end":{"line":20,"column":35}}},"15":{"name":"(anonymous_31)","decl":{"start":{"line":23,"column":0},"end":{"line":23,"column":13}},"loc":{"start":{"line":23,"column":0},"end":{"line":88,"column":1}}},"16":{"name":"(anonymous_32)","decl":{"start":{"line":27,"column":2},"end":{"line":27,"column":10}},"loc":{"start":{"line":27,"column":23},"end":{"line":44,"column":3}}},"17":{"name":"(anonymous_33)","decl":{"start":{"line":32,"column":27},"end":{"line":32,"column":28}},"loc":{"start":{"line":32,"column":57},"end":{"line":41,"column":5}}},"18":{"name":"(anonymous_34)","decl":{"start":{"line":46,"column":2},"end":{"line":46,"column":8}},"loc":{"start":{"line":46,"column":37},"end":{"line":63,"column":3}}},"19":{"name":"(anonymous_35)","decl":{"start":{"line":65,"column":2},"end":{"line":65,"column":7}},"loc":{"start":{"line":65,"column":50},"end":{"line":83,"column":3}}},"20":{"name":"(anonymous_36)","decl":{"start":{"line":85,"column":2},"end":{"line":85,"column":11}},"loc":{"start":{"line":85,"column":11},"end":{"line":87,"column":3}}}},"branchMap":{"0":{"loc":{"start":{"line":34,"column":6},"end":{"line":34,"column":26}},"type":"if","locations":[{"start":{"line":34,"column":6},"end":{"line":34,"column":26}}]},"1":{"loc":{"start":{"line":37,"column":6},"end":{"line":37,"column":50}},"type":"if","locations":[{"start":{"line":37,"column":6},"end":{"line":37,"column":50}}]},"2":{"loc":{"start":{"line":38,"column":6},"end":{"line":38,"column":50}},"type":"if","locations":[{"start":{"line":38,"column":6},"end":{"line":38,"column":50}}]},"3":{"loc":{"start":{"line":39,"column":6},"end":{"line":39,"column":60}},"type":"if","locations":[{"start":{"line":39,"column":6},"end":{"line":39,"column":60}}]},"4":{"loc":{"start":{"line":40,"column":6},"end":{"line":40,"column":60}},"type":"if","locations":[{"start":{"line":40,"column":6},"end":{"line":40,"column":60}}]},"5":{"loc":{"start":{"line":52,"column":6},"end":{"line":52,"column":62}},"type":"binary-expr","locations":[{"start":{"line":52,"column":6},"end":{"line":52,"column":18}},{"start":{"line":52,"column":22},"end":{"line":52,"column":62}}]},"6":{"loc":{"start":{"line":69,"column":4},"end":{"line":82,"column":5}},"type":"if","locations":[{"start":{"line":69,"column":4},"end":{"line":82,"column":5}},{"start":{"line":72,"column":11},"end":{"line":82,"column":5}}]}},"s":{"0":0,"1":0,"2":0,"3":0,"4":0,"5":0,"6":0,"7":0,"8":0,"9":0,"10":0,"11":0,"12":0,"13":0,"14":0,"15":0,"16":0,"17":0,"18":0,"19":0,"20":0,"21":0,"22":0,"23":0,"24":0,"25":0,"26":0,"27":0,"28":0,"29":0,"30":0,"31":0,"32":0,"33":0,"34":0,"35":0,"36":0,"37":0,"38":0,"39":0,"40":0,"41":0,"42":0,"43":0,"44":0,"45":0,"46":0,"47":0,"48":0,"49":0,"50":0,"51":0,"52":0,"53":0,"54":0,"55":0,"56":0,"57":0,"58":0,"59":0,"60":0,"61":0,"62":0,"63":0,"64":0,"65":0,"66":0,"67":0,"68":0,"69":0,"70":0,"71":0,"72":0},"f":{"0":0,"1":0,"2":0,"3":0,"4":0,"5":0,"6":0,"7":0,"8":0,"9":0,"10":0,"11":0,"12":0,"13":0,"14":0,"15":0,"16":0,"17":0,"18":0,"19":0,"20":0},"b":{"0":[0],"1":[0],"2":[0],"3":[0],"4":[0],"5":[0,0],"6":[0,0]}}
,"C:\\Users\\aggis\\GitHub\\runerogue\\src\\server\\routes\\auth.ts": {"path":"C:\\Users\\aggis\\GitHub\\runerogue\\src\\server\\routes\\auth.ts","statementMap":{"0":{"start":{"line":1,"column":0},"end":{"line":1,"column":33}},"1":{"start":{"line":2,"column":0},"end":{"line":2,"column":31}},"2":{"start":{"line":3,"column":0},"end":{"line":3,"column":38}},"3":{"start":{"line":4,"column":0},"end":{"line":4,"column":76}},"4":{"start":{"line":6,"column":15},"end":{"line":6,"column":23}},"5":{"start":{"line":92,"column":19},"end":{"line":92,"column":29}},"6":{"start":{"line":9,"column":26},"end":{"line":9,"column":56}},"7":{"start":{"line":10,"column":30},"end":{"line":10,"column":64}},"8":{"start":{"line":11,"column":29},"end":{"line":11,"column":62}},"9":{"start":{"line":12,"column":21},"end":{"line":12,"column":46}},"10":{"start":{"line":15,"column":0},"end":{"line":24,"column":3}},"11":{"start":{"line":16,"column":17},"end":{"line":21,"column":4}},"12":{"start":{"line":23,"column":2},"end":{"line":23,"column":80}},"13":{"start":{"line":27,"column":0},"end":{"line":85,"column":3}},"14":{"start":{"line":28,"column":19},"end":{"line":28,"column":28}},"15":{"start":{"line":30,"column":2},"end":{"line":32,"column":3}},"16":{"start":{"line":31,"column":4},"end":{"line":31,"column":63}},"17":{"start":{"line":34,"column":2},"end":{"line":84,"column":3}},"18":{"start":{"line":36,"column":24},"end":{"line":42,"column":6}},"19":{"start":{"line":44,"column":26},"end":{"line":50,"column":6}},"20":{"start":{"line":52,"column":19},"end":{"line":52,"column":45}},"21":{"start":{"line":54,"column":4},"end":{"line":56,"column":5}},"22":{"start":{"line":55,"column":6},"end":{"line":55,"column":80}},"23":{"start":{"line":59,"column":25},"end":{"line":63,"column":6}},"24":{"start":{"line":65,"column":17},"end":{"line":65,"column":42}},"25":{"start":{"line":67,"column":4},"end":{"line":69,"column":5}},"26":{"start":{"line":68,"column":6},"end":{"line":68,"column":51}},"27":{"start":{"line":72,"column":18},"end":{"line":77,"column":6}},"28":{"start":{"line":80,"column":4},"end":{"line":80,"column":65}},"29":{"start":{"line":82,"column":4},"end":{"line":82,"column":40}},"30":{"start":{"line":83,"column":4},"end":{"line":83,"column":61}},"31":{"start":{"line":88,"column":0},"end":{"line":90,"column":3}},"32":{"start":{"line":89,"column":2},"end":{"line":89,"column":21}}},"fnMap":{"0":{"name":"(anonymous_1)","decl":{"start":{"line":15,"column":23},"end":{"line":15,"column":24}},"loc":{"start":{"line":15,"column":36},"end":{"line":24,"column":1}}},"1":{"name":"(anonymous_2)","decl":{"start":{"line":27,"column":32},"end":{"line":27,"column":37}},"loc":{"start":{"line":27,"column":51},"end":{"line":85,"column":1}}},"2":{"name":"(anonymous_3)","decl":{"start":{"line":88,"column":37},"end":{"line":88,"column":38}},"loc":{"start":{"line":88,"column":55},"end":{"line":90,"column":1}}}},"branchMap":{"0":{"loc":{"start":{"line":30,"column":2},"end":{"line":32,"column":3}},"type":"if","locations":[{"start":{"line":30,"column":2},"end":{"line":32,"column":3}}]},"1":{"loc":{"start":{"line":54,"column":4},"end":{"line":56,"column":5}},"type":"if","locations":[{"start":{"line":54,"column":4},"end":{"line":56,"column":5}}]},"2":{"loc":{"start":{"line":55,"column":22},"end":{"line":55,"column":78}},"type":"binary-expr","locations":[{"start":{"line":55,"column":22},"end":{"line":55,"column":46}},{"start":{"line":55,"column":50},"end":{"line":55,"column":78}}]},"3":{"loc":{"start":{"line":67,"column":4},"end":{"line":69,"column":5}},"type":"if","locations":[{"start":{"line":67,"column":4},"end":{"line":69,"column":5}}]}},"s":{"0":0,"1":0,"2":0,"3":0,"4":0,"5":0,"6":0,"7":0,"8":0,"9":0,"10":0,"11":0,"12":0,"13":0,"14":0,"15":0,"16":0,"17":0,"18":0,"19":0,"20":0,"21":0,"22":0,"23":0,"24":0,"25":0,"26":0,"27":0,"28":0,"29":0,"30":0,"31":0,"32":0},"f":{"0":0,"1":0,"2":0},"b":{"0":[0],"1":[0],"2":[0,0],"3":[0]}}
}
