TN:
SF:src\server\auth\middleware.ts
FN:21,(anonymous_1)
FN:25,(anonymous_2)
FN:37,(anonymous_3)
FN:47,(anonymous_4)
FNF:4
FNH:0
FNDA:0,(anonymous_1)
FNDA:0,(anonymous_2)
FNDA:0,(anonymous_3)
FNDA:0,(anonymous_4)
DA:2,0
DA:4,0
DA:21,0
DA:22,0
DA:25,0
DA:30,0
DA:31,0
DA:33,0
DA:34,0
DA:37,0
DA:38,0
DA:39,0
DA:42,0
DA:43,0
DA:47,0
DA:53,0
DA:55,0
DA:56,0
DA:59,0
LF:19
LH:0
BRDA:4,0,0,0
BRDA:4,0,1,0
BRDA:31,1,0,0
BRDA:31,1,1,0
BRDA:33,2,0,0
BRDA:38,3,0,0
BRDA:55,4,0,0
BRF:7
BRH:0
end_of_record
TN:
SF:src\server\game\GameRoom.ts
FN:12,(anonymous_5)
FN:5,(anonymous_7)
FN:5,(anonymous_9)
FN:6,(anonymous_10)
FN:6,(anonymous_12)
FN:7,(anonymous_13)
FN:7,(anonymous_15)
FN:8,(anonymous_16)
FN:8,(anonymous_18)
FN:9,(anonymous_19)
FN:9,(anonymous_21)
FN:10,(anonymous_22)
FN:10,(anonymous_24)
FN:20,(anonymous_28)
FN:20,(anonymous_30)
FN:23,(anonymous_31)
FN:27,(anonymous_32)
FN:32,(anonymous_33)
FN:46,(anonymous_34)
FN:65,(anonymous_35)
FN:85,(anonymous_36)
FNF:21
FNH:0
FNDA:0,(anonymous_5)
FNDA:0,(anonymous_7)
FNDA:0,(anonymous_9)
FNDA:0,(anonymous_10)
FNDA:0,(anonymous_12)
FNDA:0,(anonymous_13)
FNDA:0,(anonymous_15)
FNDA:0,(anonymous_16)
FNDA:0,(anonymous_18)
FNDA:0,(anonymous_19)
FNDA:0,(anonymous_21)
FNDA:0,(anonymous_22)
FNDA:0,(anonymous_24)
FNDA:0,(anonymous_28)
FNDA:0,(anonymous_30)
FNDA:0,(anonymous_31)
FNDA:0,(anonymous_32)
FNDA:0,(anonymous_33)
FNDA:0,(anonymous_34)
FNDA:0,(anonymous_35)
FNDA:0,(anonymous_36)
DA:1,0
DA:2,0
DA:4,0
DA:5,0
DA:6,0
DA:7,0
DA:8,0
DA:9,0
DA:10,0
DA:13,0
DA:14,0
DA:15,0
DA:19,0
DA:20,0
DA:23,0
DA:24,0
DA:25,0
DA:28,0
DA:29,0
DA:32,0
DA:33,0
DA:34,0
DA:37,0
DA:38,0
DA:39,0
DA:40,0
DA:43,0
DA:47,0
DA:50,0
DA:56,0
DA:59,0
DA:67,0
DA:69,0
DA:71,0
DA:74,0
DA:75,0
DA:76,0
DA:77,0
DA:80,0
DA:86,0
LF:40
LH:0
BRDA:34,0,0,0
BRDA:37,1,0,0
BRDA:38,2,0,0
BRDA:39,3,0,0
BRDA:40,4,0,0
BRDA:52,5,0,0
BRDA:52,5,1,0
BRDA:69,6,0,0
BRDA:69,6,1,0
BRF:9
BRH:0
end_of_record
TN:
SF:src\server\routes\auth.ts
FN:15,(anonymous_1)
FN:27,(anonymous_2)
FN:88,(anonymous_3)
FNF:3
FNH:0
FNDA:0,(anonymous_1)
FNDA:0,(anonymous_2)
FNDA:0,(anonymous_3)
DA:1,0
DA:2,0
DA:3,0
DA:4,0
DA:6,0
DA:9,0
DA:10,0
DA:11,0
DA:12,0
DA:15,0
DA:16,0
DA:23,0
DA:27,0
DA:28,0
DA:30,0
DA:31,0
DA:34,0
DA:36,0
DA:44,0
DA:52,0
DA:54,0
DA:55,0
DA:59,0
DA:65,0
DA:67,0
DA:68,0
DA:72,0
DA:80,0
DA:82,0
DA:83,0
DA:88,0
DA:89,0
DA:92,0
LF:33
LH:0
BRDA:30,0,0,0
BRDA:54,1,0,0
BRDA:55,2,0,0
BRDA:55,2,1,0
BRDA:67,3,0,0
BRF:5
BRH:0
end_of_record
